<?xml version="1.0" encoding="UTF-8"?>
<testsuite xmlns:xsi="http://www.w3.org/2001/XMLSchema-instance" xsi:noNamespaceSchemaLocation="https://maven.apache.org/surefire/maven-surefire-plugin/xsd/surefire-test-report-3.0.xsd" version="3.0" name="com.payments.audit.controller.AuditControllerTest" time="3.94" tests="14" errors="0" skipped="0" failures="0">
  <properties>
[...]
</properties>
  <testcase name="testInvalidTenantIdFormat" classname="com.payments.audit.controller.AuditControllerTest" time="3.104">
    <system-out><![CDATA[16:34:48.748 [main] INFO org.hibernate.validator.internal.util.Version -- HV000001: Hibernate Validator 8.0.1.Final
16:34:49.579 [main] INFO org.springframework.mock.web.MockServletContext -- Initializing Spring TestDispatcherServlet ''
16:34:49.579 [main] INFO org.springframework.test.web.servlet.TestDispatcherServlet -- Initializing Servlet ''
16:34:49.583 [main] INFO org.springframework.test.web.servlet.TestDispatcherServlet -- Completed initialization in 4 ms
]]></system-out>
  </testcase>
  <testcase name="testSearchByKeyword" classname="com.payments.audit.controller.AuditControllerTest" time="0.143">
    <system-out><![CDATA[16:34:49.801 [main] INFO org.springframework.mock.web.MockServletContext -- Initializing Spring TestDispatcherServlet ''
16:34:49.801 [main] INFO org.springframework.test.web.servlet.TestDispatcherServlet -- Initializing Servlet ''
16:34:49.801 [main] INFO org.springframework.test.web.servlet.TestDispatcherServlet -- Completed initialization in 0 ms
16:34:49.864 [main] INFO com.payments.audit.controller.AuditController -- GET /api/audit/logs/search - tenant: 3d5005f2-09e2-4d8f-b446-b9365c62b1fc, keyword: pay, page: 0
]]></system-out>
  </testcase>
  <testcase name="testGetDeniedAccessAttempts" classname="com.payments.audit.controller.AuditControllerTest" time="0.022">
    <system-out><![CDATA[16:34:49.920 [main] INFO org.springframework.mock.web.MockServletContext -- Initializing Spring TestDispatcherServlet ''
16:34:49.920 [main] INFO org.springframework.test.web.servlet.TestDispatcherServlet -- Initializing Servlet ''
16:34:49.920 [main] INFO org.springframework.test.web.servlet.TestDispatcherServlet -- Completed initialization in 0 ms
16:34:49.920 [main] WARN com.payments.audit.controller.AuditController -- GET /api/audit/logs/denied - tenant: e4122a52-d81d-43ec-8d68-d3815388d4b8
]]></system-out>
  </testcase>
  <testcase name="testGetAuditStats" classname="com.payments.audit.controller.AuditControllerTest" time="0.088">
    <system-out><![CDATA[16:34:49.951 [main] INFO org.springframework.mock.web.MockServletContext -- Initializing Spring TestDispatcherServlet ''
16:34:49.951 [main] INFO org.springframework.test.web.servlet.TestDispatcherServlet -- Initializing Servlet ''
16:34:49.951 [main] INFO org.springframework.test.web.servlet.TestDispatcherServlet -- Completed initialization in 0 ms
16:34:49.951 [main] INFO com.payments.audit.controller.AuditController -- GET /api/audit/stats - tenant: 0b246c73-1a9e-4d99-a658-d71539da4b31
]]></system-out>
  </testcase>
  <testcase name="testSearchByResource" classname="com.payments.audit.controller.AuditControllerTest" time="0.033">
    <system-out><![CDATA[16:34:50.030 [main] INFO org.springframework.mock.web.MockServletContext -- Initializing Spring TestDispatcherServlet ''
16:34:50.030 [main] INFO org.springframework.test.web.servlet.TestDispatcherServlet -- Initializing Servlet ''
16:34:50.030 [main] INFO org.springframework.test.web.servlet.TestDispatcherServlet -- Completed initialization in 0 ms
16:34:50.045 [main] INFO com.payments.audit.controller.AuditController -- GET /api/audit/logs/resource - tenant: c548e269-b056-4fdf-b869-d20b5f35c03c, resource: USER_ACCOUNT, page: 0
]]></system-out>
  </testcase>
  <testcase name="testValidationError" classname="com.payments.audit.controller.AuditControllerTest" time="0.031">
    <system-out><![CDATA[16:34:50.073 [main] INFO org.springframework.mock.web.MockServletContext -- Initializing Spring TestDispatcherServlet ''
16:34:50.073 [main] INFO org.springframework.test.web.servlet.TestDispatcherServlet -- Initializing Servlet ''
16:34:50.076 [main] INFO org.springframework.test.web.servlet.TestDispatcherServlet -- Completed initialization in 0 ms
16:34:50.087 [main] INFO com.payments.audit.controller.AuditController -- GET /api/audit/logs/user - tenant: cb60dcce-e3a5-487c-b1a5-4dd7304caeae, user: , page: 0
]]></system-out>
  </testcase>
  <testcase name="testGetAuditLogsMissingHeader" classname="com.payments.audit.controller.AuditControllerTest" time="0.024">
    <system-out><![CDATA[16:34:50.107 [main] INFO org.springframework.mock.web.MockServletContext -- Initializing Spring TestDispatcherServlet ''
16:34:50.107 [main] INFO org.springframework.test.web.servlet.TestDispatcherServlet -- Initializing Servlet ''
16:34:50.107 [main] INFO org.springframework.test.web.servlet.TestDispatcherServlet -- Completed initialization in 0 ms
16:34:50.116 [main] WARN org.springframework.web.servlet.mvc.support.DefaultHandlerExceptionResolver -- Resolved [org.springframework.web.bind.MissingRequestHeaderException: Required request header 'X-Tenant-ID' for method parameter type UUID is not present]
]]></system-out>
  </testcase>
  <testcase name="testSearchByTimeRange" classname="com.payments.audit.controller.AuditControllerTest" time="0.033">
    <system-out><![CDATA[16:34:50.133 [main] INFO org.springframework.mock.web.MockServletContext -- Initializing Spring TestDispatcherServlet ''
16:34:50.133 [main] INFO org.springframework.test.web.servlet.TestDispatcherServlet -- Initializing Servlet ''
16:34:50.136 [main] INFO org.springframework.test.web.servlet.TestDispatcherServlet -- Completed initialization in 3 ms
16:34:50.147 [main] INFO com.payments.audit.controller.AuditController -- GET /api/audit/logs/range - tenant: 63261429-33d1-4241-ad86-6e6baf68ad46, start: 2025-10-18T15:34:50.137257300, end: 2025-10-18T16:34:50.137257300, page: 0
]]></system-out>
  </testcase>
  <testcase name="testPagination" classname="com.payments.audit.controller.AuditControllerTest" time="0.035">
    <system-out><![CDATA[16:34:50.169 [main] INFO org.springframework.mock.web.MockServletContext -- Initializing Spring TestDispatcherServlet ''
16:34:50.169 [main] INFO org.springframework.test.web.servlet.TestDispatcherServlet -- Initializing Servlet ''
16:34:50.171 [main] INFO org.springframework.test.web.servlet.TestDispatcherServlet -- Completed initialization in 0 ms
16:34:50.173 [main] INFO com.payments.audit.controller.AuditController -- GET /api/audit/logs - tenant: 4bc6210b-41ec-4293-8216-0bd2618de877, page: 1
]]></system-out>
  </testcase>
  <testcase name="testGetErrorEvents" classname="com.payments.audit.controller.AuditControllerTest" time="0.031">
    <system-out><![CDATA[16:34:50.223 [main] INFO org.springframework.mock.web.MockServletContext -- Initializing Spring TestDispatcherServlet ''
16:34:50.224 [main] INFO org.springframework.test.web.servlet.TestDispatcherServlet -- Initializing Servlet ''
16:34:50.225 [main] INFO org.springframework.test.web.servlet.TestDispatcherServlet -- Completed initialization in 1 ms
16:34:50.226 [main] WARN com.payments.audit.controller.AuditController -- GET /api/audit/logs/errors - tenant: 749344dc-5ae9-4838-98ad-ae11a0b33635
]]></system-out>
  </testcase>
  <testcase name="testGetAuditLogs" classname="com.payments.audit.controller.AuditControllerTest" time="0.025">
    <system-out><![CDATA[16:34:50.246 [main] INFO org.springframework.mock.web.MockServletContext -- Initializing Spring TestDispatcherServlet ''
16:34:50.246 [main] INFO org.springframework.test.web.servlet.TestDispatcherServlet -- Initializing Servlet ''
16:34:50.246 [main] INFO org.springframework.test.web.servlet.TestDispatcherServlet -- Completed initialization in 0 ms
16:34:50.246 [main] INFO com.payments.audit.controller.AuditController -- GET /api/audit/logs - tenant: 3fadf6cf-6141-4fd9-a243-ebc88ba21436, page: 0
]]></system-out>
  </testcase>
  <testcase name="testGetAuditLogsByUser" classname="com.payments.audit.controller.AuditControllerTest" time="0.018">
    <system-out><![CDATA[16:34:50.262 [main] INFO org.springframework.mock.web.MockServletContext -- Initializing Spring TestDispatcherServlet ''
16:34:50.262 [main] INFO org.springframework.test.web.servlet.TestDispatcherServlet -- Initializing Servlet ''
16:34:50.262 [main] INFO org.springframework.test.web.servlet.TestDispatcherServlet -- Completed initialization in 0 ms
16:34:50.273 [main] INFO com.payments.audit.controller.AuditController -- GET /api/audit/logs/user - tenant: e087e1d9-60bd-4a65-b0ad-7ed89a708b0f, user: user@example.com, page: 0
]]></system-out>
  </testcase>
  <testcase name="testHealthCheck" classname="com.payments.audit.controller.AuditControllerTest" time="0.018">
    <system-out><![CDATA[16:34:50.289 [main] INFO org.springframework.mock.web.MockServletContext -- Initializing Spring TestDispatcherServlet ''
16:34:50.289 [main] INFO org.springframework.test.web.servlet.TestDispatcherServlet -- Initializing Servlet ''
16:34:50.289 [main] INFO org.springframework.test.web.servlet.TestDispatcherServlet -- Completed initialization in 0 ms
]]></system-out>
  </testcase>
  <testcase name="testGetAuditLogsByAction" classname="com.payments.audit.controller.AuditControllerTest" time="0.019">
    <system-out><![CDATA[16:34:50.305 [main] INFO org.springframework.mock.web.MockServletContext -- Initializing Spring TestDispatcherServlet ''
16:34:50.305 [main] INFO org.springframework.test.web.servlet.TestDispatcherServlet -- Initializing Servlet ''
16:34:50.305 [main] INFO org.springframework.test.web.servlet.TestDispatcherServlet -- Completed initialization in 0 ms
16:34:50.309 [main] INFO com.payments.audit.controller.AuditController -- GET /api/audit/logs/action - tenant: c7a8b237-65b9-40e2-a25c-e4cebaa74c23, action: LOGIN, page: 0
]]></system-out>
  </testcase>
</testsuite>