-------------------------------------------------------------------------------
Test set: com.paymentengine.shared.service.Iso20022MessageServiceTest
-------------------------------------------------------------------------------
Tests run: 4, Failures: 3, Errors: 1, Skipped: 0, Time elapsed: 1.042 s <<< FAILURE! -- in com.paymentengine.shared.service.Iso20022MessageServiceTest
com.paymentengine.shared.service.Iso20022MessageServiceTest.testTransformPain001ToTransactionRequest_WithNullInput_ShouldHandleGracefully -- Time elapsed: 0.984 s <<< FAILURE!
org.opentest4j.AssertionFailedError: Unexpected exception type thrown, expected: <java.lang.NullPointerException> but was: <java.lang.RuntimeException>
	at org.junit.jupiter.api.AssertionFailureBuilder.build(AssertionFailureBuilder.java:151)
	at org.junit.jupiter.api.AssertThrows.assertThrows(AssertThrows.java:67)
	at org.junit.jupiter.api.AssertThrows.assertThrows(AssertThrows.java:35)
	at org.junit.jupiter.api.Assertions.assertThrows(Assertions.java:3115)
	at com.paymentengine.shared.service.Iso20022MessageServiceTest.testTransformPain001ToTransactionRequest_WithNullInput_ShouldHandleGracefully(Iso20022MessageServiceTest.java:72)
	at java.base/java.lang.reflect.Method.invoke(Method.java:580)
	at java.base/java.util.ArrayList.forEach(ArrayList.java:1596)
	at java.base/java.util.ArrayList.forEach(ArrayList.java:1596)
Caused by: java.lang.RuntimeException: Failed to transform ISO 20022 message
	at com.paymentengine.shared.service.Iso20022MessageService.transformPain001ToTransactionRequest(Iso20022MessageService.java:102)
	at com.paymentengine.shared.service.Iso20022MessageServiceTest.lambda$testTransformPain001ToTransactionRequest_WithNullInput_ShouldHandleGracefully$0(Iso20022MessageServiceTest.java:73)
	at org.junit.jupiter.api.AssertThrows.assertThrows(AssertThrows.java:53)
	... 6 more
Caused by: java.lang.NullPointerException: Cannot invoke "com.paymentengine.shared.dto.iso20022.Pain001Message.getCustomerCreditTransferInitiation()" because "pain001" is null
	at com.paymentengine.shared.service.Iso20022MessageService.transformPain001ToTransactionRequest(Iso20022MessageService.java:34)
	... 8 more

com.paymentengine.shared.service.Iso20022MessageServiceTest.testTransformTransactionResponseToPain002_ShouldCreateValidResponse -- Time elapsed: 0.007 s <<< FAILURE!
org.opentest4j.AssertionFailedError: Should contain Group Header ==> expected: <true> but was: <false>
	at org.junit.jupiter.api.AssertionFailureBuilder.build(AssertionFailureBuilder.java:151)
	at org.junit.jupiter.api.AssertionFailureBuilder.buildAndThrow(AssertionFailureBuilder.java:132)
	at org.junit.jupiter.api.AssertTrue.failNotTrue(AssertTrue.java:63)
	at org.junit.jupiter.api.AssertTrue.assertTrue(AssertTrue.java:36)
	at org.junit.jupiter.api.Assertions.assertTrue(Assertions.java:214)
	at com.paymentengine.shared.service.Iso20022MessageServiceTest.testTransformTransactionResponseToPain002_ShouldCreateValidResponse(Iso20022MessageServiceTest.java:64)
	at java.base/java.lang.reflect.Method.invoke(Method.java:580)
	at java.base/java.util.ArrayList.forEach(ArrayList.java:1596)
	at java.base/java.util.ArrayList.forEach(ArrayList.java:1596)

com.paymentengine.shared.service.Iso20022MessageServiceTest.testTransformPain001ToTransactionRequest_ShouldCreateValidRequest -- Time elapsed: 0.007 s <<< ERROR!
java.lang.RuntimeException: Failed to transform ISO 20022 message
	at com.paymentengine.shared.service.Iso20022MessageService.transformPain001ToTransactionRequest(Iso20022MessageService.java:102)
	at com.paymentengine.shared.service.Iso20022MessageServiceTest.testTransformPain001ToTransactionRequest_ShouldCreateValidRequest(Iso20022MessageServiceTest.java:46)
	at java.base/java.lang.reflect.Method.invoke(Method.java:580)
	at java.base/java.util.ArrayList.forEach(ArrayList.java:1596)
	at java.base/java.util.ArrayList.forEach(ArrayList.java:1596)
Caused by: java.lang.NullPointerException
	at java.base/java.util.Objects.requireNonNull(Objects.java:233)
	at java.base/java.util.ImmutableCollections$MapN.<init>(ImmutableCollections.java:1193)
	at java.base/java.util.Map.of(Map.java:1518)
	at com.paymentengine.shared.service.Iso20022MessageService.transformPain001ToTransactionRequest(Iso20022MessageService.java:65)
	... 4 more

com.paymentengine.shared.service.Iso20022MessageServiceTest.testTransformTransactionResponseToPain002_WithNullInput_ShouldHandleGracefully -- Time elapsed: 0.006 s <<< FAILURE!
org.opentest4j.AssertionFailedError: Unexpected exception type thrown, expected: <java.lang.NullPointerException> but was: <java.lang.RuntimeException>
	at org.junit.jupiter.api.AssertionFailureBuilder.build(AssertionFailureBuilder.java:151)
	at org.junit.jupiter.api.AssertThrows.assertThrows(AssertThrows.java:67)
	at org.junit.jupiter.api.AssertThrows.assertThrows(AssertThrows.java:35)
	at org.junit.jupiter.api.Assertions.assertThrows(Assertions.java:3115)
	at com.paymentengine.shared.service.Iso20022MessageServiceTest.testTransformTransactionResponseToPain002_WithNullInput_ShouldHandleGracefully(Iso20022MessageServiceTest.java:80)
	at java.base/java.lang.reflect.Method.invoke(Method.java:580)
	at java.base/java.util.ArrayList.forEach(ArrayList.java:1596)
	at java.base/java.util.ArrayList.forEach(ArrayList.java:1596)
Caused by: java.lang.RuntimeException: Failed to transform to ISO 20022 status report
	at com.paymentengine.shared.service.Iso20022MessageService.transformTransactionResponseToPain002(Iso20022MessageService.java:171)
	at com.paymentengine.shared.service.Iso20022MessageServiceTest.lambda$testTransformTransactionResponseToPain002_WithNullInput_ShouldHandleGracefully$1(Iso20022MessageServiceTest.java:81)
	at org.junit.jupiter.api.AssertThrows.assertThrows(AssertThrows.java:53)
	... 6 more
Caused by: java.lang.NullPointerException: Cannot invoke "com.paymentengine.shared.dto.TransactionResponse.getCreatedAt()" because "transaction" is null
	at com.paymentengine.shared.service.Iso20022MessageService.transformTransactionResponseToPain002(Iso20022MessageService.java:128)
	... 8 more

