-------------------------------------------------------------------------------
Test set: com.payments.swiftadapter.unit.exception.ExceptionHandlingTest$InvalidInputValidationTests
-------------------------------------------------------------------------------
Tests run: 4, Failures: 1, Errors: 2, Skipped: 0, Time elapsed: 0.028 s <<< FAILURE! -- in com.payments.swiftadapter.unit.exception.ExceptionHandlingTest$InvalidInputValidationTests
com.payments.swiftadapter.unit.exception.ExceptionHandlingTest$InvalidInputValidationTests.shouldValidateNegativeRetryAttempts -- Time elapsed: 0.005 s <<< ERROR!
org.mockito.exceptions.misusing.UnnecessaryStubbingException: 

Unnecessary stubbings detected.
Clean & maintainable test code requires zero unnecessary code.
Following stubbings are unnecessary (click to navigate to relevant line of code):
  1. -> at com.payments.swiftadapter.unit.exception.ExceptionHandlingTest$InvalidInputValidationTests.shouldValidateNegativeRetryAttempts(ExceptionHandlingTest.java:173)
Please remove unnecessary stubbings or use 'lenient' strictness. More info: javadoc for UnnecessaryStubbingException class.
	at org.mockito.junit.jupiter.MockitoExtension.afterEach(MockitoExtension.java:192)
	at java.base/java.util.ArrayList.forEach(ArrayList.java:1511)
	at java.base/java.util.ArrayList.forEach(ArrayList.java:1511)
	at java.base/java.util.ArrayList.forEach(ArrayList.java:1511)

com.payments.swiftadapter.unit.exception.ExceptionHandlingTest$InvalidInputValidationTests.shouldValidateNegativeTimeoutSeconds -- Time elapsed: 0.005 s <<< ERROR!
org.mockito.exceptions.misusing.UnnecessaryStubbingException: 

Unnecessary stubbings detected.
Clean & maintainable test code requires zero unnecessary code.
Following stubbings are unnecessary (click to navigate to relevant line of code):
  1. -> at com.payments.swiftadapter.unit.exception.ExceptionHandlingTest$InvalidInputValidationTests.shouldValidateNegativeTimeoutSeconds(ExceptionHandlingTest.java:157)
Please remove unnecessary stubbings or use 'lenient' strictness. More info: javadoc for UnnecessaryStubbingException class.
	at org.mockito.junit.jupiter.MockitoExtension.afterEach(MockitoExtension.java:192)
	at java.base/java.util.ArrayList.forEach(ArrayList.java:1511)
	at java.base/java.util.ArrayList.forEach(ArrayList.java:1511)
	at java.base/java.util.ArrayList.forEach(ArrayList.java:1511)

com.payments.swiftadapter.unit.exception.ExceptionHandlingTest$InvalidInputValidationTests.shouldHandleNullAdapterName -- Time elapsed: 0.008 s <<< FAILURE!
java.lang.AssertionError: 

Expecting code to raise a throwable.
	at com.payments.swiftadapter.unit.exception.ExceptionHandlingTest$InvalidInputValidationTests.shouldHandleNullAdapterName(ExceptionHandlingTest.java:126)
	at java.base/java.lang.reflect.Method.invoke(Method.java:569)
	at java.base/java.util.ArrayList.forEach(ArrayList.java:1511)
	at java.base/java.util.ArrayList.forEach(ArrayList.java:1511)
	at java.base/java.util.ArrayList.forEach(ArrayList.java:1511)

