-------------------------------------------------------------------------------
Test set: com.payments.swiftadapter.unit.exception.ExceptionHandlingTest$BoundaryValueTests
-------------------------------------------------------------------------------
Tests run: 4, Failures: 0, Errors: 1, Skipped: 0, Time elapsed: 0.038 s <<< FAILURE! -- in com.payments.swiftadapter.unit.exception.ExceptionHandlingTest$BoundaryValueTests
com.payments.swiftadapter.unit.exception.ExceptionHandlingTest$BoundaryValueTests.shouldHandleMinimumTimeout -- Time elapsed: 0.011 s <<< ERROR!
org.mockito.exceptions.misusing.UnnecessaryStubbingException: 

Unnecessary stubbings detected.
Clean & maintainable test code requires zero unnecessary code.
Following stubbings are unnecessary (click to navigate to relevant line of code):
  1. -> at com.payments.swiftadapter.unit.exception.ExceptionHandlingTest$BoundaryValueTests.shouldHandleMinimumTimeout(ExceptionHandlingTest.java:192)
  2. -> at com.payments.swiftadapter.unit.exception.ExceptionHandlingTest$BoundaryValueTests.shouldHandleMinimumTimeout(ExceptionHandlingTest.java:193)
Please remove unnecessary stubbings or use 'lenient' strictness. More info: javadoc for UnnecessaryStubbingException class.
	at org.mockito.junit.jupiter.MockitoExtension.afterEach(MockitoExtension.java:192)
	at java.base/java.util.ArrayList.forEach(ArrayList.java:1511)
	at java.base/java.util.ArrayList.forEach(ArrayList.java:1511)
	at java.base/java.util.ArrayList.forEach(ArrayList.java:1511)

