-------------------------------------------------------------------------------
Test set: com.payments.swiftadapter.unit.exception.ExceptionHandlingTest$StateTransitionTests
-------------------------------------------------------------------------------
Tests run: 2, Failures: 0, Errors: 2, Skipped: 0, Time elapsed: 0.016 s <<< FAILURE! -- in com.payments.swiftadapter.unit.exception.ExceptionHandlingTest$StateTransitionTests
com.payments.swiftadapter.unit.exception.ExceptionHandlingTest$StateTransitionTests.shouldHandleActivationOfAlreadyActiveAdapter -- Time elapsed: 0.007 s <<< ERROR!
java.lang.IllegalStateException: Adapter is already active
	at com.payments.swiftadapter.domain.SwiftAdapter.activate(SwiftAdapter.java:251)
	at com.payments.swiftadapter.service.SwiftAdapterService.activateAdapter(SwiftAdapterService.java:380)
	at com.payments.swiftadapter.unit.exception.ExceptionHandlingTest$StateTransitionTests.shouldHandleActivationOfAlreadyActiveAdapter(ExceptionHandlingTest.java:379)
	at java.base/java.lang.reflect.Method.invoke(Method.java:569)
	at java.base/java.util.ArrayList.forEach(ArrayList.java:1511)
	at java.base/java.util.ArrayList.forEach(ArrayList.java:1511)
	at java.base/java.util.ArrayList.forEach(ArrayList.java:1511)

com.payments.swiftadapter.unit.exception.ExceptionHandlingTest$StateTransitionTests.shouldHandleDeactivationOfAlreadyInactiveAdapter -- Time elapsed: 0.005 s <<< ERROR!
java.lang.IllegalStateException: Adapter is already inactive
	at com.payments.swiftadapter.domain.SwiftAdapter.deactivate(SwiftAdapter.java:267)
	at com.payments.swiftadapter.service.SwiftAdapterService.deactivateAdapter(SwiftAdapterService.java:411)
	at com.payments.swiftadapter.unit.exception.ExceptionHandlingTest$StateTransitionTests.shouldHandleDeactivationOfAlreadyInactiveAdapter(ExceptionHandlingTest.java:404)
	at java.base/java.lang.reflect.Method.invoke(Method.java:569)
	at java.base/java.util.ArrayList.forEach(ArrayList.java:1511)
	at java.base/java.util.ArrayList.forEach(ArrayList.java:1511)
	at java.base/java.util.ArrayList.forEach(ArrayList.java:1511)

