-------------------------------------------------------------------------------
Test set: com.payments.validation.service.ComplianceRuleEngineTest
-------------------------------------------------------------------------------
Tests run: 4, Failures: 3, Errors: 0, Skipped: 0, Time elapsed: 0.043 s <<< FAILURE! -- in com.payments.validation.service.ComplianceRuleEngineTest
com.payments.validation.service.ComplianceRuleEngineTest.executeRules_WithValidPayment_ShouldPass -- Time elapsed: 0.007 s <<< FAILURE!
java.lang.AssertionError: 

Expecting ArrayList:
  ["COMPLIANCE_RULE_001",
    "COMPLIANCE_RULE_002",
    "COMPLIANCE_RULE_003",
    "COMPLIANCE_RULE_004"]
to contain:
  ["COMPLIANCE_RULE_001",
    "COMPLIANCE_RULE_002",
    "COMPLIANCE_RULE_003",
    "COMPLIANCE_RULE_004",
    "COMPLIANCE_RULE_005"]
but could not find the following element(s):
  ["COMPLIANCE_RULE_005"]

	at com.payments.validation.service.ComplianceRuleEngineTest.executeRules_WithValidPayment_ShouldPass(ComplianceRuleEngineTest.java:46)
	at java.base/java.lang.reflect.Method.invoke(Method.java:569)
	at java.base/java.util.ArrayList.forEach(ArrayList.java:1511)
	at java.base/java.util.ArrayList.forEach(ArrayList.java:1511)

com.payments.validation.service.ComplianceRuleEngineTest.executeRules_WithEmptyReference_ShouldFail -- Time elapsed: 0.010 s <<< FAILURE!
org.opentest4j.AssertionFailedError: 

Expecting value to be false but was true
	at java.base/jdk.internal.reflect.NativeConstructorAccessorImpl.newInstance0(Native Method)
	at java.base/jdk.internal.reflect.NativeConstructorAccessorImpl.newInstance(NativeConstructorAccessorImpl.java:77)
	at java.base/jdk.internal.reflect.DelegatingConstructorAccessorImpl.newInstance(DelegatingConstructorAccessorImpl.java:45)
	at java.base/java.lang.reflect.Constructor.newInstanceWithCaller(Constructor.java:500)
	at com.payments.validation.service.ComplianceRuleEngineTest.executeRules_WithEmptyReference_ShouldFail(ComplianceRuleEngineTest.java:95)
	at java.base/java.lang.reflect.Method.invoke(Method.java:569)
	at java.base/java.util.ArrayList.forEach(ArrayList.java:1511)
	at java.base/java.util.ArrayList.forEach(ArrayList.java:1511)

com.payments.validation.service.ComplianceRuleEngineTest.executeRules_WithMissingReference_ShouldFail -- Time elapsed: 0.003 s <<< FAILURE!
org.opentest4j.AssertionFailedError: 

Expecting value to be false but was true
	at java.base/jdk.internal.reflect.NativeConstructorAccessorImpl.newInstance0(Native Method)
	at java.base/jdk.internal.reflect.NativeConstructorAccessorImpl.newInstance(NativeConstructorAccessorImpl.java:77)
	at java.base/jdk.internal.reflect.DelegatingConstructorAccessorImpl.newInstance(DelegatingConstructorAccessorImpl.java:45)
	at java.base/java.lang.reflect.Constructor.newInstanceWithCaller(Constructor.java:500)
	at com.payments.validation.service.ComplianceRuleEngineTest.executeRules_WithMissingReference_ShouldFail(ComplianceRuleEngineTest.java:71)
	at java.base/java.lang.reflect.Method.invoke(Method.java:569)
	at java.base/java.util.ArrayList.forEach(ArrayList.java:1511)
	at java.base/java.util.ArrayList.forEach(ArrayList.java:1511)

