-------------------------------------------------------------------------------
Test set: com.payments.validation.service.FraudDetectionRuleEngineTest
-------------------------------------------------------------------------------
Tests run: 4, Failures: 4, Errors: 0, Skipped: 0, Time elapsed: 0.026 s <<< FAILURE! -- in com.payments.validation.service.FraudDetectionRuleEngineTest
com.payments.validation.service.FraudDetectionRuleEngineTest.executeRules_WithHighAmount_ShouldDetectFraud -- Time elapsed: 0.006 s <<< FAILURE!
org.opentest4j.AssertionFailedError: 

Expecting value to be false but was true
	at java.base/jdk.internal.reflect.NativeConstructorAccessorImpl.newInstance0(Native Method)
	at java.base/jdk.internal.reflect.NativeConstructorAccessorImpl.newInstance(NativeConstructorAccessorImpl.java:77)
	at java.base/jdk.internal.reflect.DelegatingConstructorAccessorImpl.newInstance(DelegatingConstructorAccessorImpl.java:45)
	at java.base/java.lang.reflect.Constructor.newInstanceWithCaller(Constructor.java:500)
	at com.payments.validation.service.FraudDetectionRuleEngineTest.executeRules_WithHighAmount_ShouldDetectFraud(FraudDetectionRuleEngineTest.java:71)
	at java.base/java.lang.reflect.Method.invoke(Method.java:569)
	at java.base/java.util.ArrayList.forEach(ArrayList.java:1511)
	at java.base/java.util.ArrayList.forEach(ArrayList.java:1511)

com.payments.validation.service.FraudDetectionRuleEngineTest.executeRules_WithValidPayment_ShouldPass -- Time elapsed: 0.006 s <<< FAILURE!
java.lang.AssertionError: 

Expecting ArrayList:
  ["FRAUD_RULE_001", "FRAUD_RULE_002", "FRAUD_RULE_003", "FRAUD_RULE_004"]
to contain:
  ["FRAUD_RULE_001",
    "FRAUD_RULE_002",
    "FRAUD_RULE_003",
    "FRAUD_RULE_004",
    "FRAUD_RULE_005"]
but could not find the following element(s):
  ["FRAUD_RULE_005"]

	at com.payments.validation.service.FraudDetectionRuleEngineTest.executeRules_WithValidPayment_ShouldPass(FraudDetectionRuleEngineTest.java:46)
	at java.base/java.lang.reflect.Method.invoke(Method.java:569)
	at java.base/java.util.ArrayList.forEach(ArrayList.java:1511)
	at java.base/java.util.ArrayList.forEach(ArrayList.java:1511)

com.payments.validation.service.FraudDetectionRuleEngineTest.executeRules_WithSuspiciousAccount_ShouldDetectFraud -- Time elapsed: 0.004 s <<< FAILURE!
org.opentest4j.AssertionFailedError: 

Expecting value to be false but was true
	at java.base/jdk.internal.reflect.NativeConstructorAccessorImpl.newInstance0(Native Method)
	at java.base/jdk.internal.reflect.NativeConstructorAccessorImpl.newInstance(NativeConstructorAccessorImpl.java:77)
	at java.base/jdk.internal.reflect.DelegatingConstructorAccessorImpl.newInstance(DelegatingConstructorAccessorImpl.java:45)
	at java.base/java.lang.reflect.Constructor.newInstanceWithCaller(Constructor.java:500)
	at com.payments.validation.service.FraudDetectionRuleEngineTest.executeRules_WithSuspiciousAccount_ShouldDetectFraud(FraudDetectionRuleEngineTest.java:115)
	at java.base/java.lang.reflect.Method.invoke(Method.java:569)
	at java.base/java.util.ArrayList.forEach(ArrayList.java:1511)
	at java.base/java.util.ArrayList.forEach(ArrayList.java:1511)

com.payments.validation.service.FraudDetectionRuleEngineTest.executeRules_WithVeryHighAmount_ShouldDetectMultipleFraud -- Time elapsed: 0.003 s <<< FAILURE!
org.opentest4j.AssertionFailedError: 

Expecting value to be false but was true
	at java.base/jdk.internal.reflect.NativeConstructorAccessorImpl.newInstance0(Native Method)
	at java.base/jdk.internal.reflect.NativeConstructorAccessorImpl.newInstance(NativeConstructorAccessorImpl.java:77)
	at java.base/jdk.internal.reflect.DelegatingConstructorAccessorImpl.newInstance(DelegatingConstructorAccessorImpl.java:45)
	at java.base/java.lang.reflect.Constructor.newInstanceWithCaller(Constructor.java:500)
	at com.payments.validation.service.FraudDetectionRuleEngineTest.executeRules_WithVeryHighAmount_ShouldDetectMultipleFraud(FraudDetectionRuleEngineTest.java:95)
	at java.base/java.lang.reflect.Method.invoke(Method.java:569)
	at java.base/java.util.ArrayList.forEach(ArrayList.java:1511)
	at java.base/java.util.ArrayList.forEach(ArrayList.java:1511)

