<?xml version="1.0" encoding="UTF-8"?>
<testsuite xmlns:xsi="http://www.w3.org/2001/XMLSchema-instance" xsi:noNamespaceSchemaLocation="https://maven.apache.org/surefire/maven-surefire-plugin/xsd/surefire-test-report-3.0.xsd" version="3.0" name="com.payments.validation.service.RiskAssessmentRuleEngineTest" time="0.044" tests="7" errors="0" skipped="0" failures="7">
  <properties>
[...]
</properties>
  <testcase name="executeRules_WithValidPayment_ShouldPass" classname="com.payments.validation.service.RiskAssessmentRuleEngineTest" time="0.004">
    <failure message="&#10;Expecting ArrayList:&#10;  [&quot;RISK_RULE_001&quot;, &quot;RISK_RULE_002&quot;, &quot;RISK_RULE_003&quot;, &quot;RISK_RULE_004&quot;]&#10;to contain:&#10;  [&quot;RISK_RULE_001&quot;,&#10;    &quot;RISK_RULE_002&quot;,&#10;    &quot;RISK_RULE_003&quot;,&#10;    &quot;RISK_RULE_004&quot;,&#10;    &quot;RISK_RULE_005&quot;]&#10;but could not find the following element(s):&#10;  [&quot;RISK_RULE_005&quot;]&#10;" type="java.lang.AssertionError"><![CDATA[java.lang.AssertionError: 

Expecting ArrayList:
  ["RISK_RULE_001", "RISK_RULE_002", "RISK_RULE_003", "RISK_RULE_004"]
to contain:
  ["RISK_RULE_001",
    "RISK_RULE_002",
    "RISK_RULE_003",
    "RISK_RULE_004",
    "RISK_RULE_005"]
but could not find the following element(s):
  ["RISK_RULE_005"]

	at com.payments.validation.service.RiskAssessmentRuleEngineTest.executeRules_WithValidPayment_ShouldPass(RiskAssessmentRuleEngineTest.java:46)
	at java.base/java.lang.reflect.Method.invoke(Method.java:569)
	at java.base/java.util.ArrayList.forEach(ArrayList.java:1511)
	at java.base/java.util.ArrayList.forEach(ArrayList.java:1511)
]]></failure>
  </testcase>
  <testcase name="executeRules_WithForeignCurrency_ShouldDetectRisk" classname="com.payments.validation.service.RiskAssessmentRuleEngineTest" time="0.007">
    <failure message="&#10;Expecting value to be false but was true" type="org.opentest4j.AssertionFailedError"><![CDATA[org.opentest4j.AssertionFailedError: 

Expecting value to be false but was true
	at java.base/jdk.internal.reflect.NativeConstructorAccessorImpl.newInstance0(Native Method)
	at java.base/jdk.internal.reflect.NativeConstructorAccessorImpl.newInstance(NativeConstructorAccessorImpl.java:77)
	at java.base/jdk.internal.reflect.DelegatingConstructorAccessorImpl.newInstance(DelegatingConstructorAccessorImpl.java:45)
	at java.base/java.lang.reflect.Constructor.newInstanceWithCaller(Constructor.java:500)
	at com.payments.validation.service.RiskAssessmentRuleEngineTest.executeRules_WithForeignCurrency_ShouldDetectRisk(RiskAssessmentRuleEngineTest.java:91)
	at java.base/java.lang.reflect.Method.invoke(Method.java:569)
	at java.base/java.util.ArrayList.forEach(ArrayList.java:1511)
	at java.base/java.util.ArrayList.forEach(ArrayList.java:1511)
]]></failure>
  </testcase>
  <testcase name="executeRules_WithHighCreditRisk_ShouldDetectRisk" classname="com.payments.validation.service.RiskAssessmentRuleEngineTest" time="0.005">
    <failure message="&#10;Expecting value to be false but was true" type="org.opentest4j.AssertionFailedError"><![CDATA[org.opentest4j.AssertionFailedError: 

Expecting value to be false but was true
	at java.base/jdk.internal.reflect.NativeConstructorAccessorImpl.newInstance0(Native Method)
	at java.base/jdk.internal.reflect.NativeConstructorAccessorImpl.newInstance(NativeConstructorAccessorImpl.java:77)
	at java.base/jdk.internal.reflect.DelegatingConstructorAccessorImpl.newInstance(DelegatingConstructorAccessorImpl.java:45)
	at java.base/java.lang.reflect.Constructor.newInstanceWithCaller(Constructor.java:500)
	at com.payments.validation.service.RiskAssessmentRuleEngineTest.executeRules_WithHighCreditRisk_ShouldDetectRisk(RiskAssessmentRuleEngineTest.java:67)
	at java.base/java.lang.reflect.Method.invoke(Method.java:569)
	at java.base/java.util.ArrayList.forEach(ArrayList.java:1511)
	at java.base/java.util.ArrayList.forEach(ArrayList.java:1511)
]]></failure>
  </testcase>
  <testcase name="executeRules_WithHighLiquidityRisk_ShouldDetectRisk" classname="com.payments.validation.service.RiskAssessmentRuleEngineTest" time="0.002">
    <failure message="&#10;Expecting value to be false but was true" type="org.opentest4j.AssertionFailedError"><![CDATA[org.opentest4j.AssertionFailedError: 

Expecting value to be false but was true
	at java.base/jdk.internal.reflect.NativeConstructorAccessorImpl.newInstance0(Native Method)
	at java.base/jdk.internal.reflect.NativeConstructorAccessorImpl.newInstance(NativeConstructorAccessorImpl.java:77)
	at java.base/jdk.internal.reflect.DelegatingConstructorAccessorImpl.newInstance(DelegatingConstructorAccessorImpl.java:45)
	at java.base/java.lang.reflect.Constructor.newInstanceWithCaller(Constructor.java:500)
	at com.payments.validation.service.RiskAssessmentRuleEngineTest.executeRules_WithHighLiquidityRisk_ShouldDetectRisk(RiskAssessmentRuleEngineTest.java:140)
	at java.base/java.lang.reflect.Method.invoke(Method.java:569)
	at java.base/java.util.ArrayList.forEach(ArrayList.java:1511)
	at java.base/java.util.ArrayList.forEach(ArrayList.java:1511)
]]></failure>
  </testcase>
  <testcase name="executeRules_WithMultipleRisks_ShouldDetectMultipleRisks" classname="com.payments.validation.service.RiskAssessmentRuleEngineTest" time="0.007">
    <failure message="&#10;Expecting value to be false but was true" type="org.opentest4j.AssertionFailedError"><![CDATA[org.opentest4j.AssertionFailedError: 

Expecting value to be false but was true
	at java.base/jdk.internal.reflect.NativeConstructorAccessorImpl.newInstance0(Native Method)
	at java.base/jdk.internal.reflect.NativeConstructorAccessorImpl.newInstance(NativeConstructorAccessorImpl.java:77)
	at java.base/jdk.internal.reflect.DelegatingConstructorAccessorImpl.newInstance(DelegatingConstructorAccessorImpl.java:45)
	at java.base/java.lang.reflect.Constructor.newInstanceWithCaller(Constructor.java:500)
	at com.payments.validation.service.RiskAssessmentRuleEngineTest.executeRules_WithMultipleRisks_ShouldDetectMultipleRisks(RiskAssessmentRuleEngineTest.java:188)
	at java.base/java.lang.reflect.Method.invoke(Method.java:569)
	at java.base/java.util.ArrayList.forEach(ArrayList.java:1511)
	at java.base/java.util.ArrayList.forEach(ArrayList.java:1511)
]]></failure>
  </testcase>
  <testcase name="executeRules_WithHighOperationalRisk_ShouldDetectRisk" classname="com.payments.validation.service.RiskAssessmentRuleEngineTest" time="0.003">
    <failure message="&#10;Expecting value to be false but was true" type="org.opentest4j.AssertionFailedError"><![CDATA[org.opentest4j.AssertionFailedError: 

Expecting value to be false but was true
	at java.base/jdk.internal.reflect.NativeConstructorAccessorImpl.newInstance0(Native Method)
	at java.base/jdk.internal.reflect.NativeConstructorAccessorImpl.newInstance(NativeConstructorAccessorImpl.java:77)
	at java.base/jdk.internal.reflect.DelegatingConstructorAccessorImpl.newInstance(DelegatingConstructorAccessorImpl.java:45)
	at java.base/java.lang.reflect.Constructor.newInstanceWithCaller(Constructor.java:500)
	at com.payments.validation.service.RiskAssessmentRuleEngineTest.executeRules_WithHighOperationalRisk_ShouldDetectRisk(RiskAssessmentRuleEngineTest.java:115)
	at java.base/java.lang.reflect.Method.invoke(Method.java:569)
	at java.base/java.util.ArrayList.forEach(ArrayList.java:1511)
	at java.base/java.util.ArrayList.forEach(ArrayList.java:1511)
]]></failure>
  </testcase>
  <testcase name="executeRules_WithHighCounterpartyRisk_ShouldDetectRisk" classname="com.payments.validation.service.RiskAssessmentRuleEngineTest" time="0.003">
    <failure message="&#10;Expecting value to be false but was true" type="org.opentest4j.AssertionFailedError"><![CDATA[org.opentest4j.AssertionFailedError: 

Expecting value to be false but was true
	at java.base/jdk.internal.reflect.NativeConstructorAccessorImpl.newInstance0(Native Method)
	at java.base/jdk.internal.reflect.NativeConstructorAccessorImpl.newInstance(NativeConstructorAccessorImpl.java:77)
	at java.base/jdk.internal.reflect.DelegatingConstructorAccessorImpl.newInstance(DelegatingConstructorAccessorImpl.java:45)
	at java.base/java.lang.reflect.Constructor.newInstanceWithCaller(Constructor.java:500)
	at com.payments.validation.service.RiskAssessmentRuleEngineTest.executeRules_WithHighCounterpartyRisk_ShouldDetectRisk(RiskAssessmentRuleEngineTest.java:163)
	at java.base/java.lang.reflect.Method.invoke(Method.java:569)
	at java.base/java.util.ArrayList.forEach(ArrayList.java:1511)
	at java.base/java.util.ArrayList.forEach(ArrayList.java:1511)
]]></failure>
  </testcase>
</testsuite>