-------------------------------------------------------------------------------
Test set: com.payments.paymentinitiation.repository.PaymentRepositoryTest
-------------------------------------------------------------------------------
Tests run: 10, Failures: 0, Errors: 10, Skipped: 0, Time elapsed: 6.755 s <<< FAILURE! -- in com.payments.paymentinitiation.repository.PaymentRepositoryTest
com.payments.paymentinitiation.repository.PaymentRepositoryTest.findByTenantIdAndBusinessUnitId_ShouldReturnEmpty_WhenNoPaymentsExist -- Time elapsed: 0.789 s <<< ERROR!
java.lang.NoSuchMethodError: 'com.payments.domain.payment.Payment$PaymentBuilder com.payments.domain.payment.Payment.builder()'
	at com.payments.paymentinitiation.repository.PaymentRepositoryTest.createTestPayment(PaymentRepositoryTest.java:217)
	at com.payments.paymentinitiation.repository.PaymentRepositoryTest.setUp(PaymentRepositoryTest.java:50)
	at java.base/java.lang.reflect.Method.invoke(Method.java:569)
	at java.base/java.util.ArrayList.forEach(ArrayList.java:1511)
	at java.base/java.util.ArrayList.forEach(ArrayList.java:1511)

com.payments.paymentinitiation.repository.PaymentRepositoryTest.save_ShouldUpdatePayment_WhenPaymentExists -- Time elapsed: 0.006 s <<< ERROR!
java.lang.NoSuchMethodError: 'com.payments.domain.payment.Payment$PaymentBuilder com.payments.domain.payment.Payment.builder()'
	at com.payments.paymentinitiation.repository.PaymentRepositoryTest.createTestPayment(PaymentRepositoryTest.java:217)
	at com.payments.paymentinitiation.repository.PaymentRepositoryTest.setUp(PaymentRepositoryTest.java:50)
	at java.base/java.lang.reflect.Method.invoke(Method.java:569)
	at java.base/java.util.ArrayList.forEach(ArrayList.java:1511)
	at java.base/java.util.ArrayList.forEach(ArrayList.java:1511)

com.payments.paymentinitiation.repository.PaymentRepositoryTest.findById_ShouldReturnPayment_WhenPaymentExists -- Time elapsed: 0.010 s <<< ERROR!
java.lang.NoSuchMethodError: 'com.payments.domain.payment.Payment$PaymentBuilder com.payments.domain.payment.Payment.builder()'
	at com.payments.paymentinitiation.repository.PaymentRepositoryTest.createTestPayment(PaymentRepositoryTest.java:217)
	at com.payments.paymentinitiation.repository.PaymentRepositoryTest.setUp(PaymentRepositoryTest.java:50)
	at java.base/java.lang.reflect.Method.invoke(Method.java:569)
	at java.base/java.util.ArrayList.forEach(ArrayList.java:1511)
	at java.base/java.util.ArrayList.forEach(ArrayList.java:1511)

com.payments.paymentinitiation.repository.PaymentRepositoryTest.findByTenantIdAndDateRange_ShouldReturnPayments_WhenPaymentsExistInRange -- Time elapsed: 0.013 s <<< ERROR!
java.lang.NoSuchMethodError: 'com.payments.domain.payment.Payment$PaymentBuilder com.payments.domain.payment.Payment.builder()'
	at com.payments.paymentinitiation.repository.PaymentRepositoryTest.createTestPayment(PaymentRepositoryTest.java:217)
	at com.payments.paymentinitiation.repository.PaymentRepositoryTest.setUp(PaymentRepositoryTest.java:50)
	at java.base/java.lang.reflect.Method.invoke(Method.java:569)
	at java.base/java.util.ArrayList.forEach(ArrayList.java:1511)
	at java.base/java.util.ArrayList.forEach(ArrayList.java:1511)

com.payments.paymentinitiation.repository.PaymentRepositoryTest.findByTenantIdAndBusinessUnitId_ShouldReturnPayments_WhenPaymentsExist -- Time elapsed: 0 s <<< ERROR!
java.lang.NoSuchMethodError: 'com.payments.domain.payment.Payment$PaymentBuilder com.payments.domain.payment.Payment.builder()'
	at com.payments.paymentinitiation.repository.PaymentRepositoryTest.createTestPayment(PaymentRepositoryTest.java:217)
	at com.payments.paymentinitiation.repository.PaymentRepositoryTest.setUp(PaymentRepositoryTest.java:50)
	at java.base/java.lang.reflect.Method.invoke(Method.java:569)
	at java.base/java.util.ArrayList.forEach(ArrayList.java:1511)
	at java.base/java.util.ArrayList.forEach(ArrayList.java:1511)

com.payments.paymentinitiation.repository.PaymentRepositoryTest.findByTenantIdAndDateRange_ShouldReturnEmpty_WhenNoPaymentsInRange -- Time elapsed: 0.008 s <<< ERROR!
java.lang.NoSuchMethodError: 'com.payments.domain.payment.Payment$PaymentBuilder com.payments.domain.payment.Payment.builder()'
	at com.payments.paymentinitiation.repository.PaymentRepositoryTest.createTestPayment(PaymentRepositoryTest.java:217)
	at com.payments.paymentinitiation.repository.PaymentRepositoryTest.setUp(PaymentRepositoryTest.java:50)
	at java.base/java.lang.reflect.Method.invoke(Method.java:569)
	at java.base/java.util.ArrayList.forEach(ArrayList.java:1511)
	at java.base/java.util.ArrayList.forEach(ArrayList.java:1511)

com.payments.paymentinitiation.repository.PaymentRepositoryTest.findByIdAndTenantId_ShouldReturnEmpty_WhenPaymentDoesNotExistForTenant -- Time elapsed: 0.003 s <<< ERROR!
java.lang.NoSuchMethodError: 'com.payments.domain.payment.Payment$PaymentBuilder com.payments.domain.payment.Payment.builder()'
	at com.payments.paymentinitiation.repository.PaymentRepositoryTest.createTestPayment(PaymentRepositoryTest.java:217)
	at com.payments.paymentinitiation.repository.PaymentRepositoryTest.setUp(PaymentRepositoryTest.java:50)
	at java.base/java.lang.reflect.Method.invoke(Method.java:569)
	at java.base/java.util.ArrayList.forEach(ArrayList.java:1511)
	at java.base/java.util.ArrayList.forEach(ArrayList.java:1511)

com.payments.paymentinitiation.repository.PaymentRepositoryTest.save_ShouldPersistPayment_WhenValidPayment -- Time elapsed: 0.003 s <<< ERROR!
java.lang.NoSuchMethodError: 'com.payments.domain.payment.Payment$PaymentBuilder com.payments.domain.payment.Payment.builder()'
	at com.payments.paymentinitiation.repository.PaymentRepositoryTest.createTestPayment(PaymentRepositoryTest.java:217)
	at com.payments.paymentinitiation.repository.PaymentRepositoryTest.setUp(PaymentRepositoryTest.java:50)
	at java.base/java.lang.reflect.Method.invoke(Method.java:569)
	at java.base/java.util.ArrayList.forEach(ArrayList.java:1511)
	at java.base/java.util.ArrayList.forEach(ArrayList.java:1511)

com.payments.paymentinitiation.repository.PaymentRepositoryTest.findById_ShouldReturnEmpty_WhenPaymentDoesNotExist -- Time elapsed: 0.009 s <<< ERROR!
java.lang.NoSuchMethodError: 'com.payments.domain.payment.Payment$PaymentBuilder com.payments.domain.payment.Payment.builder()'
	at com.payments.paymentinitiation.repository.PaymentRepositoryTest.createTestPayment(PaymentRepositoryTest.java:217)
	at com.payments.paymentinitiation.repository.PaymentRepositoryTest.setUp(PaymentRepositoryTest.java:50)
	at java.base/java.lang.reflect.Method.invoke(Method.java:569)
	at java.base/java.util.ArrayList.forEach(ArrayList.java:1511)
	at java.base/java.util.ArrayList.forEach(ArrayList.java:1511)

com.payments.paymentinitiation.repository.PaymentRepositoryTest.findByIdAndTenantId_ShouldReturnPayment_WhenPaymentExistsForTenant -- Time elapsed: 0.003 s <<< ERROR!
java.lang.NoSuchMethodError: 'com.payments.domain.payment.Payment$PaymentBuilder com.payments.domain.payment.Payment.builder()'
	at com.payments.paymentinitiation.repository.PaymentRepositoryTest.createTestPayment(PaymentRepositoryTest.java:217)
	at com.payments.paymentinitiation.repository.PaymentRepositoryTest.setUp(PaymentRepositoryTest.java:50)
	at java.base/java.lang.reflect.Method.invoke(Method.java:569)
	at java.base/java.util.ArrayList.forEach(ArrayList.java:1511)
	at java.base/java.util.ArrayList.forEach(ArrayList.java:1511)

