-------------------------------------------------------------------------------
Test set: com.payments.paymentinitiation.service.PaymentDomainServiceTest
-------------------------------------------------------------------------------
Tests run: 5, Failures: 3, Errors: 0, Skipped: 0, Time elapsed: 0.066 s <<< FAILURE! -- in com.payments.paymentinitiation.service.PaymentDomainServiceTest
com.payments.paymentinitiation.service.PaymentDomainServiceTest.validatePaymentBusinessRules_ShouldThrowException_WhenVelocityLimitExceeded -- Time elapsed: 0.003 s <<< FAILURE!
java.lang.AssertionError: 

Expecting code to raise a throwable.
	at com.payments.paymentinitiation.service.PaymentDomainServiceTest.validatePaymentBusinessRules_ShouldThrowException_WhenVelocityLimitExceeded(PaymentDomainServiceTest.java:116)
	at java.base/java.lang.reflect.Method.invoke(Method.java:569)
	at java.base/java.util.ArrayList.forEach(ArrayList.java:1511)
	at java.base/java.util.ArrayList.forEach(ArrayList.java:1511)

com.payments.paymentinitiation.service.PaymentDomainServiceTest.validatePaymentBusinessRules_ShouldPass_WhenAllRulesValid -- Time elapsed: 0 s <<< FAILURE!
java.lang.AssertionError: 

Expecting code to raise a throwable.
	at com.payments.paymentinitiation.service.PaymentDomainServiceTest.validatePaymentBusinessRules_ShouldPass_WhenAllRulesValid(PaymentDomainServiceTest.java:59)
	at java.base/java.lang.reflect.Method.invoke(Method.java:569)
	at java.base/java.util.ArrayList.forEach(ArrayList.java:1511)
	at java.base/java.util.ArrayList.forEach(ArrayList.java:1511)

com.payments.paymentinitiation.service.PaymentDomainServiceTest.validatePaymentBusinessRules_ShouldThrowException_WhenDailyLimitExceeded -- Time elapsed: 0 s <<< FAILURE!
java.lang.AssertionError: 

Expecting code to raise a throwable.
	at com.payments.paymentinitiation.service.PaymentDomainServiceTest.validatePaymentBusinessRules_ShouldThrowException_WhenDailyLimitExceeded(PaymentDomainServiceTest.java:87)
	at java.base/java.lang.reflect.Method.invoke(Method.java:569)
	at java.base/java.util.ArrayList.forEach(ArrayList.java:1511)
	at java.base/java.util.ArrayList.forEach(ArrayList.java:1511)

