-------------------------------------------------------------------------------
Test set: com.payments.paymentinitiation.integration.PaymentInitiationIntegrationTest
-------------------------------------------------------------------------------
Tests run: 5, Failures: 4, Errors: 0, Skipped: 0, Time elapsed: 7.658 s <<< FAILURE! -- in com.payments.paymentinitiation.integration.PaymentInitiationIntegrationTest
com.payments.paymentinitiation.integration.PaymentInitiationIntegrationTest.paymentFailureFlow_ShouldWorkEndToEnd -- Time elapsed: 0.280 s <<< FAILURE!
java.lang.AssertionError: Status expected:<201> but was:<500>
	at org.springframework.test.util.AssertionErrors.fail(AssertionErrors.java:59)
	at org.springframework.test.util.AssertionErrors.assertEquals(AssertionErrors.java:122)
	at org.springframework.test.web.servlet.result.StatusResultMatchers.lambda$matcher$9(StatusResultMatchers.java:637)
	at org.springframework.test.web.servlet.MockMvc$1.andExpect(MockMvc.java:214)
	at com.payments.paymentinitiation.integration.PaymentInitiationIntegrationTest.paymentFailureFlow_ShouldWorkEndToEnd(PaymentInitiationIntegrationTest.java:156)
	at java.base/java.lang.reflect.Method.invoke(Method.java:569)
	at java.base/java.util.ArrayList.forEach(ArrayList.java:1511)
	at java.base/java.util.ArrayList.forEach(ArrayList.java:1511)

com.payments.paymentinitiation.integration.PaymentInitiationIntegrationTest.completePaymentFlow_ShouldWorkEndToEnd -- Time elapsed: 0.037 s <<< FAILURE!
java.lang.AssertionError: Status expected:<201> but was:<500>
	at org.springframework.test.util.AssertionErrors.fail(AssertionErrors.java:59)
	at org.springframework.test.util.AssertionErrors.assertEquals(AssertionErrors.java:122)
	at org.springframework.test.web.servlet.result.StatusResultMatchers.lambda$matcher$9(StatusResultMatchers.java:637)
	at org.springframework.test.web.servlet.MockMvc$1.andExpect(MockMvc.java:214)
	at com.payments.paymentinitiation.integration.PaymentInitiationIntegrationTest.completePaymentFlow_ShouldWorkEndToEnd(PaymentInitiationIntegrationTest.java:84)
	at java.base/java.lang.reflect.Method.invoke(Method.java:569)
	at java.base/java.util.ArrayList.forEach(ArrayList.java:1511)
	at java.base/java.util.ArrayList.forEach(ArrayList.java:1511)

com.payments.paymentinitiation.integration.PaymentInitiationIntegrationTest.idempotencyTest_ShouldPreventDuplicatePayments -- Time elapsed: 0.031 s <<< FAILURE!
java.lang.AssertionError: Status expected:<201> but was:<500>
	at org.springframework.test.util.AssertionErrors.fail(AssertionErrors.java:59)
	at org.springframework.test.util.AssertionErrors.assertEquals(AssertionErrors.java:122)
	at org.springframework.test.web.servlet.result.StatusResultMatchers.lambda$matcher$9(StatusResultMatchers.java:637)
	at org.springframework.test.web.servlet.MockMvc$1.andExpect(MockMvc.java:214)
	at com.payments.paymentinitiation.integration.PaymentInitiationIntegrationTest.idempotencyTest_ShouldPreventDuplicatePayments(PaymentInitiationIntegrationTest.java:209)
	at java.base/java.lang.reflect.Method.invoke(Method.java:569)
	at java.base/java.util.ArrayList.forEach(ArrayList.java:1511)
	at java.base/java.util.ArrayList.forEach(ArrayList.java:1511)

com.payments.paymentinitiation.integration.PaymentInitiationIntegrationTest.multiTenantTest_ShouldIsolateData -- Time elapsed: 0.056 s <<< FAILURE!
java.lang.AssertionError: Status expected:<201> but was:<500>
	at org.springframework.test.util.AssertionErrors.fail(AssertionErrors.java:59)
	at org.springframework.test.util.AssertionErrors.assertEquals(AssertionErrors.java:122)
	at org.springframework.test.web.servlet.result.StatusResultMatchers.lambda$matcher$9(StatusResultMatchers.java:637)
	at org.springframework.test.web.servlet.MockMvc$1.andExpect(MockMvc.java:214)
	at com.payments.paymentinitiation.integration.PaymentInitiationIntegrationTest.multiTenantTest_ShouldIsolateData(PaymentInitiationIntegrationTest.java:261)
	at java.base/java.lang.reflect.Method.invoke(Method.java:569)
	at java.base/java.util.ArrayList.forEach(ArrayList.java:1511)
	at java.base/java.util.ArrayList.forEach(ArrayList.java:1511)

