<?xml version="1.0" encoding="UTF-8"?>
<testsuite xmlns:xsi="http://www.w3.org/2001/XMLSchema-instance" xsi:noNamespaceSchemaLocation="https://maven.apache.org/surefire/maven-surefire-plugin/xsd/surefire-test-report-3.0.xsd" version="3.0" name="com.payments.paymentinitiation.contract.PaymentInitiationContractTest" time="4.367" tests="11" errors="0" skipped="0" failures="10">
  <properties>
[...]
</properties>
  <testcase name="swaggerUi_ShouldBeAccessible" classname="com.payments.paymentinitiation.contract.PaymentInitiationContractTest" time="0.081">
    <system-out><![CDATA[2025-10-16 18:52:17 [main] INFO  [] o.s.t.c.s.AnnotationConfigContextLoaderUtils - Could not detect default configuration classes for test class [com.payments.paymentinitiation.contract.PaymentInitiationContractTest]: PaymentInitiationContractTest does not declare any static, non-private, non-final, nested classes annotated with @Configuration.
2025-10-16 18:52:17 [main] INFO  [] o.s.b.t.c.SpringBootTestContextBootstrapper - Found @SpringBootConfiguration com.payments.paymentinitiation.PaymentInitiationServiceApplication for test class com.payments.paymentinitiation.contract.PaymentInitiationContractTest

  .   ____          _            __ _ _
 /\\ / ___'_ __ _ _(_)_ __  __ _ \ \ \ \
( ( )\___ | '_ | '_| | '_ \/ _` | \ \ \ \
 \\/  ___)| |_)| | | | | || (_| |  ) ) ) )
  '  |____| .__|_| |_|_| |_\__, | / / / /
 =========|_|==============|___/=/_/_/_/
 :: Spring Boot ::                (v3.2.0)

2025-10-16 18:52:17 [main] INFO  [] c.p.p.c.PaymentInitiationContractTest - Starting PaymentInitiationContractTest using Java 17.0.16 with PID 22280 (started by Kranthi Karthan in C:\git\clone\PE\payment-initiation-service)
2025-10-16 18:52:17 [main] DEBUG [] c.p.p.c.PaymentInitiationContractTest - Running with Spring Boot v3.2.0, Spring v6.1.1
2025-10-16 18:52:17 [main] INFO  [] c.p.p.c.PaymentInitiationContractTest - The following 1 profile is active: "test"
2025-10-16 18:52:17 [main] DEBUG [] o.s.w.c.s.GenericWebApplicationContext - Refreshing org.springframework.web.context.support.GenericWebApplicationContext@588e4caa
2025-10-16 18:52:18 [main] INFO  [] o.s.d.r.c.RepositoryConfigurationDelegate - Bootstrapping Spring Data JPA repositories in DEFAULT mode.
2025-10-16 18:52:18 [main] INFO  [] o.s.d.r.c.RepositoryConfigurationDelegate - Finished Spring Data repository scanning in 7 ms. Found 2 JPA repository interfaces.
2025-10-16 18:52:18 [main] INFO  [] o.h.jpa.internal.util.LogHelper - HHH000204: Processing PersistenceUnitInfo [name: default]
2025-10-16 18:52:18 [main] INFO  [] o.h.c.i.RegionFactoryInitiator - HHH000026: Second-level cache disabled
2025-10-16 18:52:18 [main] INFO  [] o.s.o.j.p.SpringPersistenceUnitInfo - No LoadTimeWeaver setup: ignoring JPA class transformer
2025-10-16 18:52:18 [main] INFO  [] com.zaxxer.hikari.HikariDataSource - HikariPool-2 - Starting...
2025-10-16 18:52:18 [main] INFO  [] com.zaxxer.hikari.pool.HikariPool - HikariPool-2 - Added connection conn10: url=jdbc:h2:mem:pi_contract user=SA
2025-10-16 18:52:18 [main] INFO  [] com.zaxxer.hikari.HikariDataSource - HikariPool-2 - Start completed.
2025-10-16 18:52:18 [main] WARN  [] org.hibernate.dialect.Dialect - HHH000511: The 2.2.0 version for [org.hibernate.dialect.PostgreSQLDialect] is no longer supported, hence certain features may not work properly. The minimum supported version is 11.0.0. Check the community dialects project for available legacy versions.
2025-10-16 18:52:18 [main] WARN  [] org.hibernate.orm.deprecation - HHH90000025: PostgreSQLDialect does not need to be specified explicitly using 'hibernate.dialect' (remove the property setting and it will be selected by default)
2025-10-16 18:52:18 [main] INFO  [] o.h.e.t.j.p.i.JtaPlatformInitiator - HHH000489: No JTA platform available (set 'hibernate.transaction.jta.platform' to enable JTA platform integration)
2025-10-16 18:52:18 [main] INFO  [] o.s.o.j.LocalContainerEntityManagerFactoryBean - Initialized JPA EntityManagerFactory for persistence unit 'default'
2025-10-16 18:52:19 [main] INFO  [] o.s.b.a.e.web.EndpointLinksResolver - Exposing 3 endpoint(s) beneath base path '/actuator'
2025-10-16 18:52:19 [main] WARN  [] o.s.b.a.o.j.JpaBaseConfiguration$JpaWebConfiguration - spring.jpa.open-in-view is enabled by default. Therefore, database queries may be performed during view rendering. Explicitly configure spring.jpa.open-in-view to disable this warning
2025-10-16 18:52:20 [main] DEBUG [] o.s.w.s.m.m.a.RequestMappingHandlerMapping - 12 mappings in 'requestMappingHandlerMapping'
2025-10-16 18:52:20 [main] DEBUG [] o.s.w.s.h.SimpleUrlHandlerMapping - Patterns [/webjars/**, /**, /swagger-ui*/*swagger-initializer.js, /swagger-ui*/**] in 'resourceHandlerMapping'
2025-10-16 18:52:20 [main] DEBUG [] o.s.w.s.m.m.a.RequestMappingHandlerAdapter - ControllerAdvice beans: 0 @ModelAttribute, 0 @InitBinder, 1 RequestBodyAdvice, 1 ResponseBodyAdvice
2025-10-16 18:52:20 [main] DEBUG [] o.s.w.s.m.m.a.ExceptionHandlerExceptionResolver - ControllerAdvice beans: 2 @ExceptionHandler, 1 ResponseBodyAdvice
2025-10-16 18:52:21 [main] DEBUG [] o.s.w.f.ServerHttpObservationFilter - Filter 'webMvcObservationFilter' configured for use
2025-10-16 18:52:21 [main] INFO  [] o.s.b.t.m.w.SpringBootMockServletContext - Initializing Spring TestDispatcherServlet ''
2025-10-16 18:52:21 [main] INFO  [] o.s.t.w.s.TestDispatcherServlet - Initializing Servlet ''
2025-10-16 18:52:21 [main] INFO  [] o.s.t.w.s.TestDispatcherServlet - Completed initialization in 0 ms
2025-10-16 18:52:21 [main] INFO  [] c.p.p.c.PaymentInitiationContractTest - Started PaymentInitiationContractTest in 3.585 seconds (process running for 21.024)
2025-10-16 18:52:21 [main] DEBUG [] o.s.w.s.h.SimpleUrlHandlerMapping - Mapped to ResourceHttpRequestHandler [classpath [META-INF/resources/webjars/]]
]]></system-out>
  </testcase>
  <testcase name="paymentInitiationRequest_ShouldMatchContract" classname="com.payments.paymentinitiation.contract.PaymentInitiationContractTest" time="0.419">
    <failure message="Status expected:&lt;201&gt; but was:&lt;500&gt;" type="java.lang.AssertionError"><![CDATA[java.lang.AssertionError: Status expected:<201> but was:<500>
	at org.springframework.test.util.AssertionErrors.fail(AssertionErrors.java:59)
	at org.springframework.test.util.AssertionErrors.assertEquals(AssertionErrors.java:122)
	at org.springframework.test.web.servlet.result.StatusResultMatchers.lambda$matcher$9(StatusResultMatchers.java:637)
	at org.springframework.test.web.servlet.MockMvc$1.andExpect(MockMvc.java:214)
	at com.payments.paymentinitiation.contract.PaymentInitiationContractTest.paymentInitiationRequest_ShouldMatchContract(PaymentInitiationContractTest.java:82)
	at java.base/java.lang.reflect.Method.invoke(Method.java:569)
	at java.base/java.util.ArrayList.forEach(ArrayList.java:1511)
	at java.base/java.util.ArrayList.forEach(ArrayList.java:1511)
]]></failure>
    <system-out><![CDATA[2025-10-16 18:52:21 [main] DEBUG [] o.s.w.s.m.m.a.RequestMappingHandlerMapping - Mapped to com.payments.paymentinitiation.api.PaymentInitiationController#initiatePayment(PaymentInitiationRequest, String, String, String)
2025-10-16 18:52:21 [main] DEBUG [] c.p.p.a.v.PaymentValidationInterceptor - Payment validation interceptor processing request: /api/v1/payments/initiate
2025-10-16 18:52:21 [main] DEBUG [] c.p.p.a.v.PaymentValidationInterceptor - Request validation passed for tenant: TENANT-001, business unit: BU-001
2025-10-16 18:52:21 [main] DEBUG [] o.s.w.s.m.m.a.RequestResponseBodyMethodProcessor - Read "application/json;charset=UTF-8" to [PaymentInitiationRequest(paymentId=PaymentId(value=PAY-001), idempotencyKey=IDEMPOTENCY-001, sourceA (truncated)...]
2025-10-16 18:52:21 [main] INFO  [] c.p.p.a.PaymentInitiationController - Initiating payment for tenant: TENANT-001, business unit: BU-001, correlation: 8bea23a4-912b-47c4-89ba-3e8e65cc82e5
2025-10-16 18:52:21 [main] INFO  [] c.p.p.s.PaymentInitiationService - Processing payment initiation for payment: PaymentId(value=PAY-001)
2025-10-16 18:52:21 [main] DEBUG [] c.p.p.s.PaymentInitiationService - Payment request validation passed for: PaymentId(value=PAY-001)
2025-10-16 18:52:21 [main] DEBUG [] c.p.p.service.PaymentDomainService - Validating business rules for payment: PaymentId(value=PAY-001)
2025-10-16 18:52:21 [main] DEBUG [] c.p.p.a.PaymentRepositoryAdapter - Finding payments by tenant and date range: TENANT-001, 2025-10-16T00:00:00Z to 2025-10-17T00:00:00Z
2025-10-16 18:52:21 [main] DEBUG [] org.hibernate.SQL - 
    select
        pe1_0.payment_id,
        pe1_0.amount,
        pe1_0.currency,
        pe1_0.cleared_at,
        pe1_0.completed_at,
        pe1_0.destination_account,
        pe1_0.failed_at,
        pe1_0.failure_reason,
        pe1_0.idempotency_key,
        pe1_0.initiated_at,
        pe1_0.initiated_by,
        pe1_0.payment_type,
        pe1_0.priority,
        pe1_0.reference,
        pe1_0.source_account,
        pe1_0.status,
        pe1_0.submitted_to_clearing_at,
        pe1_0.business_unit_id,
        pe1_0.tenant_id,
        pe1_0.updated_at,
        pe1_0.validated_at,
        pe1_0.version 
    from
        payments pe1_0 
    where
        pe1_0.tenant_id=? 
        and pe1_0.initiated_at between ? and ? 
    order by
        pe1_0.initiated_at desc
2025-10-16 18:52:21 [main] WARN  [] o.h.e.jdbc.spi.SqlExceptionHelper - SQL Error: 42104, SQLState: 42S04
2025-10-16 18:52:21 [main] ERROR [] o.h.e.jdbc.spi.SqlExceptionHelper - Table "PAYMENTS" not found (this database is empty); SQL statement:
select pe1_0.payment_id,pe1_0.amount,pe1_0.currency,pe1_0.cleared_at,pe1_0.completed_at,pe1_0.destination_account,pe1_0.failed_at,pe1_0.failure_reason,pe1_0.idempotency_key,pe1_0.initiated_at,pe1_0.initiated_by,pe1_0.payment_type,pe1_0.priority,pe1_0.reference,pe1_0.source_account,pe1_0.status,pe1_0.submitted_to_clearing_at,pe1_0.business_unit_id,pe1_0.tenant_id,pe1_0.updated_at,pe1_0.validated_at,pe1_0.version from payments pe1_0 where pe1_0.tenant_id=? and pe1_0.initiated_at between ? and ? order by pe1_0.initiated_at desc [42104-224]
2025-10-16 18:52:21 [main] ERROR [] c.p.p.a.PaymentInitiationController - Failed to initiate payment
org.springframework.dao.InvalidDataAccessResourceUsageException: could not prepare statement [Table "PAYMENTS" not found (this database is empty); SQL statement:
select pe1_0.payment_id,pe1_0.amount,pe1_0.currency,pe1_0.cleared_at,pe1_0.completed_at,pe1_0.destination_account,pe1_0.failed_at,pe1_0.failure_reason,pe1_0.idempotency_key,pe1_0.initiated_at,pe1_0.initiated_by,pe1_0.payment_type,pe1_0.priority,pe1_0.reference,pe1_0.source_account,pe1_0.status,pe1_0.submitted_to_clearing_at,pe1_0.business_unit_id,pe1_0.tenant_id,pe1_0.updated_at,pe1_0.validated_at,pe1_0.version from payments pe1_0 where pe1_0.tenant_id=? and pe1_0.initiated_at between ? and ? order by pe1_0.initiated_at desc [42104-224]] [select pe1_0.payment_id,pe1_0.amount,pe1_0.currency,pe1_0.cleared_at,pe1_0.completed_at,pe1_0.destination_account,pe1_0.failed_at,pe1_0.failure_reason,pe1_0.idempotency_key,pe1_0.initiated_at,pe1_0.initiated_by,pe1_0.payment_type,pe1_0.priority,pe1_0.reference,pe1_0.source_account,pe1_0.status,pe1_0.submitted_to_clearing_at,pe1_0.business_unit_id,pe1_0.tenant_id,pe1_0.updated_at,pe1_0.validated_at,pe1_0.version from payments pe1_0 where pe1_0.tenant_id=? and pe1_0.initiated_at between ? and ? order by pe1_0.initiated_at desc]; SQL [select pe1_0.payment_id,pe1_0.amount,pe1_0.currency,pe1_0.cleared_at,pe1_0.completed_at,pe1_0.destination_account,pe1_0.failed_at,pe1_0.failure_reason,pe1_0.idempotency_key,pe1_0.initiated_at,pe1_0.initiated_by,pe1_0.payment_type,pe1_0.priority,pe1_0.reference,pe1_0.source_account,pe1_0.status,pe1_0.submitted_to_clearing_at,pe1_0.business_unit_id,pe1_0.tenant_id,pe1_0.updated_at,pe1_0.validated_at,pe1_0.version from payments pe1_0 where pe1_0.tenant_id=? and pe1_0.initiated_at between ? and ? order by pe1_0.initiated_at desc]
	at org.springframework.orm.jpa.vendor.HibernateJpaDialect.convertHibernateAccessException(HibernateJpaDialect.java:277)
	at org.springframework.orm.jpa.vendor.HibernateJpaDialect.translateExceptionIfPossible(HibernateJpaDialect.java:241)
	at org.springframework.orm.jpa.AbstractEntityManagerFactoryBean.translateExceptionIfPossible(AbstractEntityManagerFactoryBean.java:550)
	at org.springframework.dao.support.ChainedPersistenceExceptionTranslator.translateExceptionIfPossible(ChainedPersistenceExceptionTranslator.java:61)
	at org.springframework.dao.support.DataAccessUtils.translateIfNecessary(DataAccessUtils.java:335)
	at org.springframework.dao.support.PersistenceExceptionTranslationInterceptor.invoke(PersistenceExceptionTranslationInterceptor.java:152)
	at org.springframework.aop.framework.ReflectiveMethodInvocation.proceed(ReflectiveMethodInvocation.java:184)
	at org.springframework.data.jpa.repository.support.CrudMethodMetadataPostProcessor$CrudMethodMetadataPopulatingMethodInterceptor.invoke(CrudMethodMetadataPostProcessor.java:135)
	at org.springframework.aop.framework.ReflectiveMethodInvocation.proceed(ReflectiveMethodInvocation.java:184)
	at org.springframework.aop.interceptor.ExposeInvocationInterceptor.invoke(ExposeInvocationInterceptor.java:97)
	at org.springframework.aop.framework.ReflectiveMethodInvocation.proceed(ReflectiveMethodInvocation.java:184)
	at org.springframework.aop.framework.JdkDynamicAopProxy.invoke(JdkDynamicAopProxy.java:249)
	at jdk.proxy2/jdk.proxy2.$Proxy205.findByTenantIdAndDateRange(Unknown Source)
	at com.payments.paymentinitiation.adapter.PaymentRepositoryAdapter.findByTenantIdAndDateRange(PaymentRepositoryAdapter.java:99)
	at java.base/jdk.internal.reflect.NativeMethodAccessorImpl.invoke0(Native Method)
	at java.base/jdk.internal.reflect.NativeMethodAccessorImpl.invoke(NativeMethodAccessorImpl.java:77)
	at java.base/jdk.internal.reflect.DelegatingMethodAccessorImpl.invoke(DelegatingMethodAccessorImpl.java:43)
	at java.base/java.lang.reflect.Method.invoke(Method.java:569)
	at org.springframework.aop.support.AopUtils.invokeJoinpointUsingReflection(AopUtils.java:352)
	at org.springframework.aop.framework.ReflectiveMethodInvocation.invokeJoinpoint(ReflectiveMethodInvocation.java:196)
	at org.springframework.aop.framework.ReflectiveMethodInvocation.proceed(ReflectiveMethodInvocation.java:163)
	at org.springframework.aop.framework.CglibAopProxy$CglibMethodInvocation.proceed(CglibAopProxy.java:765)
	at org.springframework.transaction.interceptor.TransactionInterceptor$1.proceedWithInvocation(TransactionInterceptor.java:123)
	at org.springframework.transaction.interceptor.TransactionAspectSupport.invokeWithinTransaction(TransactionAspectSupport.java:385)
	at org.springframework.transaction.interceptor.TransactionInterceptor.invoke(TransactionInterceptor.java:119)
	at org.springframework.aop.framework.ReflectiveMethodInvocation.proceed(ReflectiveMethodInvocation.java:184)
	at org.springframework.aop.framework.CglibAopProxy$CglibMethodInvocation.proceed(CglibAopProxy.java:765)
	at org.springframework.aop.framework.CglibAopProxy$DynamicAdvisedInterceptor.intercept(CglibAopProxy.java:717)
	at com.payments.paymentinitiation.adapter.PaymentRepositoryAdapter$$SpringCGLIB$$0.findByTenantIdAndDateRange(<generated>)
	at com.payments.paymentinitiation.service.PaymentDomainService.validateDailyLimits(PaymentDomainService.java:63)
	at com.payments.paymentinitiation.service.PaymentDomainService.validatePaymentBusinessRules(PaymentDomainService.java:41)
	at java.base/jdk.internal.reflect.NativeMethodAccessorImpl.invoke0(Native Method)
	at java.base/jdk.internal.reflect.NativeMethodAccessorImpl.invoke(NativeMethodAccessorImpl.java:77)
	at java.base/jdk.internal.reflect.DelegatingMethodAccessorImpl.invoke(DelegatingMethodAccessorImpl.java:43)
	at java.base/java.lang.reflect.Method.invoke(Method.java:569)
	at org.springframework.aop.support.AopUtils.invokeJoinpointUsingReflection(AopUtils.java:352)
	at org.springframework.aop.framework.CglibAopProxy$DynamicAdvisedInterceptor.intercept(CglibAopProxy.java:713)
	at com.payments.paymentinitiation.service.PaymentDomainService$$SpringCGLIB$$0.validatePaymentBusinessRules(<generated>)
	at com.payments.paymentinitiation.service.PaymentInitiationService.initiatePayment(PaymentInitiationService.java:90)
	at java.base/jdk.internal.reflect.NativeMethodAccessorImpl.invoke0(Native Method)
	at java.base/jdk.internal.reflect.NativeMethodAccessorImpl.invoke(NativeMethodAccessorImpl.java:77)
	at java.base/jdk.internal.reflect.DelegatingMethodAccessorImpl.invoke(DelegatingMethodAccessorImpl.java:43)
	at java.base/java.lang.reflect.Method.invoke(Method.java:569)
	at org.springframework.aop.support.AopUtils.invokeJoinpointUsingReflection(AopUtils.java:352)
	at org.springframework.aop.framework.ReflectiveMethodInvocation.invokeJoinpoint(ReflectiveMethodInvocation.java:196)
	at org.springframework.aop.framework.ReflectiveMethodInvocation.proceed(ReflectiveMethodInvocation.java:163)
	at org.springframework.aop.framework.CglibAopProxy$CglibMethodInvocation.proceed(CglibAopProxy.java:765)
	at org.springframework.transaction.interceptor.TransactionInterceptor$1.proceedWithInvocation(TransactionInterceptor.java:123)
	at org.springframework.transaction.interceptor.TransactionAspectSupport.invokeWithinTransaction(TransactionAspectSupport.java:385)
	at org.springframework.transaction.interceptor.TransactionInterceptor.invoke(TransactionInterceptor.java:119)
	at org.springframework.aop.framework.ReflectiveMethodInvocation.proceed(ReflectiveMethodInvocation.java:184)
	at org.springframework.aop.framework.CglibAopProxy$CglibMethodInvocation.proceed(CglibAopProxy.java:765)
	at org.springframework.aop.framework.CglibAopProxy$DynamicAdvisedInterceptor.intercept(CglibAopProxy.java:717)
	at com.payments.paymentinitiation.service.PaymentInitiationService$$SpringCGLIB$$0.initiatePayment(<generated>)
	at com.payments.paymentinitiation.api.PaymentInitiationController.initiatePayment(PaymentInitiationController.java:92)
	at java.base/jdk.internal.reflect.NativeMethodAccessorImpl.invoke0(Native Method)
	at java.base/jdk.internal.reflect.NativeMethodAccessorImpl.invoke(NativeMethodAccessorImpl.java:77)
	at java.base/jdk.internal.reflect.DelegatingMethodAccessorImpl.invoke(DelegatingMethodAccessorImpl.java:43)
	at java.base/java.lang.reflect.Method.invoke(Method.java:569)
	at org.springframework.web.method.support.InvocableHandlerMethod.doInvoke(InvocableHandlerMethod.java:254)
	at org.springframework.web.method.support.InvocableHandlerMethod.invokeForRequest(InvocableHandlerMethod.java:182)
	at org.springframework.web.servlet.mvc.method.annotation.ServletInvocableHandlerMethod.invokeAndHandle(ServletInvocableHandlerMethod.java:118)
	at org.springframework.web.servlet.mvc.method.annotation.RequestMappingHandlerAdapter.invokeHandlerMethod(RequestMappingHandlerAdapter.java:917)
	at org.springframework.web.servlet.mvc.method.annotation.RequestMappingHandlerAdapter.handleInternal(RequestMappingHandlerAdapter.java:829)
	at org.springframework.web.servlet.mvc.method.AbstractHandlerMethodAdapter.handle(AbstractHandlerMethodAdapter.java:87)
	at org.springframework.web.servlet.DispatcherServlet.doDispatch(DispatcherServlet.java:1089)
	at org.springframework.web.servlet.DispatcherServlet.doService(DispatcherServlet.java:979)
	at org.springframework.web.servlet.FrameworkServlet.processRequest(FrameworkServlet.java:1014)
	at org.springframework.web.servlet.FrameworkServlet.doPost(FrameworkServlet.java:914)
	at jakarta.servlet.http.HttpServlet.service(HttpServlet.java:590)
	at org.springframework.web.servlet.FrameworkServlet.service(FrameworkServlet.java:885)
	at org.springframework.test.web.servlet.TestDispatcherServlet.service(TestDispatcherServlet.java:72)
	at jakarta.servlet.http.HttpServlet.service(HttpServlet.java:658)
	at org.springframework.mock.web.MockFilterChain$ServletFilterProxy.doFilter(MockFilterChain.java:165)
	at org.springframework.mock.web.MockFilterChain.doFilter(MockFilterChain.java:132)
	at org.springframework.web.filter.RequestContextFilter.doFilterInternal(RequestContextFilter.java:100)
	at org.springframework.web.filter.OncePerRequestFilter.doFilter(OncePerRequestFilter.java:116)
	at org.springframework.test.web.servlet.setup.MockMvcFilterDecorator.doFilter(MockMvcFilterDecorator.java:151)
	at org.springframework.mock.web.MockFilterChain.doFilter(MockFilterChain.java:132)
	at org.springframework.web.filter.FormContentFilter.doFilterInternal(FormContentFilter.java:93)
	at org.springframework.web.filter.OncePerRequestFilter.doFilter(OncePerRequestFilter.java:116)
	at org.springframework.test.web.servlet.setup.MockMvcFilterDecorator.doFilter(MockMvcFilterDecorator.java:151)
	at org.springframework.mock.web.MockFilterChain.doFilter(MockFilterChain.java:132)
	at org.springframework.web.filter.ServerHttpObservationFilter.doFilterInternal(ServerHttpObservationFilter.java:109)
	at org.springframework.web.filter.OncePerRequestFilter.doFilter(OncePerRequestFilter.java:116)
	at org.springframework.test.web.servlet.setup.MockMvcFilterDecorator.doFilter(MockMvcFilterDecorator.java:151)
	at org.springframework.mock.web.MockFilterChain.doFilter(MockFilterChain.java:132)
	at org.springframework.web.filter.CharacterEncodingFilter.doFilterInternal(CharacterEncodingFilter.java:201)
	at org.springframework.web.filter.OncePerRequestFilter.doFilter(OncePerRequestFilter.java:116)
	at org.springframework.test.web.servlet.setup.MockMvcFilterDecorator.doFilter(MockMvcFilterDecorator.java:151)
	at org.springframework.mock.web.MockFilterChain.doFilter(MockFilterChain.java:132)
	at org.springframework.test.web.servlet.MockMvc.perform(MockMvc.java:201)
	at com.payments.paymentinitiation.contract.PaymentInitiationContractTest.paymentInitiationRequest_ShouldMatchContract(PaymentInitiationContractTest.java:75)
	at java.base/jdk.internal.reflect.NativeMethodAccessorImpl.invoke0(Native Method)
	at java.base/jdk.internal.reflect.NativeMethodAccessorImpl.invoke(NativeMethodAccessorImpl.java:77)
	at java.base/jdk.internal.reflect.DelegatingMethodAccessorImpl.invoke(DelegatingMethodAccessorImpl.java:43)
	at java.base/java.lang.reflect.Method.invoke(Method.java:569)
	at org.junit.platform.commons.util.ReflectionUtils.invokeMethod(ReflectionUtils.java:728)
	at org.junit.jupiter.engine.execution.MethodInvocation.proceed(MethodInvocation.java:60)
	at org.junit.jupiter.engine.execution.InvocationInterceptorChain$ValidatingInvocation.proceed(InvocationInterceptorChain.java:131)
	at org.junit.jupiter.engine.extension.TimeoutExtension.intercept(TimeoutExtension.java:156)
	at org.junit.jupiter.engine.extension.TimeoutExtension.interceptTestableMethod(TimeoutExtension.java:147)
	at org.junit.jupiter.engine.extension.TimeoutExtension.interceptTestMethod(TimeoutExtension.java:86)
	at org.junit.jupiter.engine.execution.InterceptingExecutableInvoker$ReflectiveInterceptorCall.lambda$ofVoidMethod$0(InterceptingExecutableInvoker.java:103)
	at org.junit.jupiter.engine.execution.InterceptingExecutableInvoker.lambda$invoke$0(InterceptingExecutableInvoker.java:93)
	at org.junit.jupiter.engine.execution.InvocationInterceptorChain$InterceptedInvocation.proceed(InvocationInterceptorChain.java:106)
	at org.junit.jupiter.engine.execution.InvocationInterceptorChain.proceed(InvocationInterceptorChain.java:64)
	at org.junit.jupiter.engine.execution.InvocationInterceptorChain.chainAndInvoke(InvocationInterceptorChain.java:45)
	at org.junit.jupiter.engine.execution.InvocationInterceptorChain.invoke(InvocationInterceptorChain.java:37)
	at org.junit.jupiter.engine.execution.InterceptingExecutableInvoker.invoke(InterceptingExecutableInvoker.java:92)
	at org.junit.jupiter.engine.execution.InterceptingExecutableInvoker.invoke(InterceptingExecutableInvoker.java:86)
	at org.junit.jupiter.engine.descriptor.TestMethodTestDescriptor.lambda$invokeTestMethod$7(TestMethodTestDescriptor.java:218)
	at org.junit.platform.engine.support.hierarchical.ThrowableCollector.execute(ThrowableCollector.java:73)
	at org.junit.jupiter.engine.descriptor.TestMethodTestDescriptor.invokeTestMethod(TestMethodTestDescriptor.java:214)
	at org.junit.jupiter.engine.descriptor.TestMethodTestDescriptor.execute(TestMethodTestDescriptor.java:139)
	at org.junit.jupiter.engine.descriptor.TestMethodTestDescriptor.execute(TestMethodTestDescriptor.java:69)
	at org.junit.platform.engine.support.hierarchical.NodeTestTask.lambda$executeRecursively$6(NodeTestTask.java:151)
	at org.junit.platform.engine.support.hierarchical.ThrowableCollector.execute(ThrowableCollector.java:73)
	at org.junit.platform.engine.support.hierarchical.NodeTestTask.lambda$executeRecursively$8(NodeTestTask.java:141)
	at org.junit.platform.engine.support.hierarchical.Node.around(Node.java:137)
	at org.junit.platform.engine.support.hierarchical.NodeTestTask.lambda$executeRecursively$9(NodeTestTask.java:139)
	at org.junit.platform.engine.support.hierarchical.ThrowableCollector.execute(ThrowableCollector.java:73)
	at org.junit.platform.engine.support.hierarchical.NodeTestTask.executeRecursively(NodeTestTask.java:138)
	at org.junit.platform.engine.support.hierarchical.NodeTestTask.execute(NodeTestTask.java:95)
	at java.base/java.util.ArrayList.forEach(ArrayList.java:1511)
	at org.junit.platform.engine.support.hierarchical.SameThreadHierarchicalTestExecutorService.invokeAll(SameThreadHierarchicalTestExecutorService.java:41)
	at org.junit.platform.engine.support.hierarchical.NodeTestTask.lambda$executeRecursively$6(NodeTestTask.java:155)
	at org.junit.platform.engine.support.hierarchical.ThrowableCollector.execute(ThrowableCollector.java:73)
	at org.junit.platform.engine.support.hierarchical.NodeTestTask.lambda$executeRecursively$8(NodeTestTask.java:141)
	at org.junit.platform.engine.support.hierarchical.Node.around(Node.java:137)
	at org.junit.platform.engine.support.hierarchical.NodeTestTask.lambda$executeRecursively$9(NodeTestTask.java:139)
	at org.junit.platform.engine.support.hierarchical.ThrowableCollector.execute(ThrowableCollector.java:73)
	at org.junit.platform.engine.support.hierarchical.NodeTestTask.executeRecursively(NodeTestTask.java:138)
	at org.junit.platform.engine.support.hierarchical.NodeTestTask.execute(NodeTestTask.java:95)
	at java.base/java.util.ArrayList.forEach(ArrayList.java:1511)
	at org.junit.platform.engine.support.hierarchical.SameThreadHierarchicalTestExecutorService.invokeAll(SameThreadHierarchicalTestExecutorService.java:41)
	at org.junit.platform.engine.support.hierarchical.NodeTestTask.lambda$executeRecursively$6(NodeTestTask.java:155)
	at org.junit.platform.engine.support.hierarchical.ThrowableCollector.execute(ThrowableCollector.java:73)
	at org.junit.platform.engine.support.hierarchical.NodeTestTask.lambda$executeRecursively$8(NodeTestTask.java:141)
	at org.junit.platform.engine.support.hierarchical.Node.around(Node.java:137)
	at org.junit.platform.engine.support.hierarchical.NodeTestTask.lambda$executeRecursively$9(NodeTestTask.java:139)
	at org.junit.platform.engine.support.hierarchical.ThrowableCollector.execute(ThrowableCollector.java:73)
	at org.junit.platform.engine.support.hierarchical.NodeTestTask.executeRecursively(NodeTestTask.java:138)
	at org.junit.platform.engine.support.hierarchical.NodeTestTask.execute(NodeTestTask.java:95)
	at org.junit.platform.engine.support.hierarchical.SameThreadHierarchicalTestExecutorService.submit(SameThreadHierarchicalTestExecutorService.java:35)
	at org.junit.platform.engine.support.hierarchical.HierarchicalTestExecutor.execute(HierarchicalTestExecutor.java:57)
	at org.junit.platform.engine.support.hierarchical.HierarchicalTestEngine.execute(HierarchicalTestEngine.java:54)
	at org.junit.platform.launcher.core.EngineExecutionOrchestrator.execute(EngineExecutionOrchestrator.java:198)
	at org.junit.platform.launcher.core.EngineExecutionOrchestrator.execute(EngineExecutionOrchestrator.java:169)
	at org.junit.platform.launcher.core.EngineExecutionOrchestrator.execute(EngineExecutionOrchestrator.java:93)
	at org.junit.platform.launcher.core.EngineExecutionOrchestrator.lambda$execute$0(EngineExecutionOrchestrator.java:58)
	at org.junit.platform.launcher.core.EngineExecutionOrchestrator.withInterceptedStreams(EngineExecutionOrchestrator.java:141)
	at org.junit.platform.launcher.core.EngineExecutionOrchestrator.execute(EngineExecutionOrchestrator.java:57)
	at org.junit.platform.launcher.core.DefaultLauncher.execute(DefaultLauncher.java:103)
	at org.junit.platform.launcher.core.DefaultLauncher.execute(DefaultLauncher.java:85)
	at org.junit.platform.launcher.core.DelegatingLauncher.execute(DelegatingLauncher.java:47)
	at org.apache.maven.surefire.junitplatform.LazyLauncher.execute(LazyLauncher.java:56)
	at org.apache.maven.surefire.junitplatform.JUnitPlatformProvider.execute(JUnitPlatformProvider.java:184)
	at org.apache.maven.surefire.junitplatform.JUnitPlatformProvider.invokeAllTests(JUnitPlatformProvider.java:148)
	at org.apache.maven.surefire.junitplatform.JUnitPlatformProvider.invoke(JUnitPlatformProvider.java:122)
	at org.apache.maven.surefire.booter.ForkedBooter.runSuitesInProcess(ForkedBooter.java:385)
	at org.apache.maven.surefire.booter.ForkedBooter.execute(ForkedBooter.java:162)
	at org.apache.maven.surefire.booter.ForkedBooter.run(ForkedBooter.java:507)
	at org.apache.maven.surefire.booter.ForkedBooter.main(ForkedBooter.java:495)
Caused by: org.hibernate.exception.SQLGrammarException: could not prepare statement [Table "PAYMENTS" not found (this database is empty); SQL statement:
select pe1_0.payment_id,pe1_0.amount,pe1_0.currency,pe1_0.cleared_at,pe1_0.completed_at,pe1_0.destination_account,pe1_0.failed_at,pe1_0.failure_reason,pe1_0.idempotency_key,pe1_0.initiated_at,pe1_0.initiated_by,pe1_0.payment_type,pe1_0.priority,pe1_0.reference,pe1_0.source_account,pe1_0.status,pe1_0.submitted_to_clearing_at,pe1_0.business_unit_id,pe1_0.tenant_id,pe1_0.updated_at,pe1_0.validated_at,pe1_0.version from payments pe1_0 where pe1_0.tenant_id=? and pe1_0.initiated_at between ? and ? order by pe1_0.initiated_at desc [42104-224]] [select pe1_0.payment_id,pe1_0.amount,pe1_0.currency,pe1_0.cleared_at,pe1_0.completed_at,pe1_0.destination_account,pe1_0.failed_at,pe1_0.failure_reason,pe1_0.idempotency_key,pe1_0.initiated_at,pe1_0.initiated_by,pe1_0.payment_type,pe1_0.priority,pe1_0.reference,pe1_0.source_account,pe1_0.status,pe1_0.submitted_to_clearing_at,pe1_0.business_unit_id,pe1_0.tenant_id,pe1_0.updated_at,pe1_0.validated_at,pe1_0.version from payments pe1_0 where pe1_0.tenant_id=? and pe1_0.initiated_at between ? and ? order by pe1_0.initiated_at desc]
	at org.hibernate.exception.internal.SQLExceptionTypeDelegate.convert(SQLExceptionTypeDelegate.java:66)
	at org.hibernate.exception.internal.StandardSQLExceptionConverter.convert(StandardSQLExceptionConverter.java:58)
	at org.hibernate.engine.jdbc.spi.SqlExceptionHelper.convert(SqlExceptionHelper.java:108)
	at org.hibernate.engine.jdbc.internal.StatementPreparerImpl$StatementPreparationTemplate.prepareStatement(StatementPreparerImpl.java:187)
	at org.hibernate.engine.jdbc.internal.StatementPreparerImpl.prepareQueryStatement(StatementPreparerImpl.java:152)
	at org.hibernate.sql.exec.internal.JdbcSelectExecutorStandardImpl.lambda$list$0(JdbcSelectExecutorStandardImpl.java:102)
	at org.hibernate.sql.results.jdbc.internal.DeferredResultSetAccess.executeQuery(DeferredResultSetAccess.java:227)
	at org.hibernate.sql.results.jdbc.internal.DeferredResultSetAccess.getResultSet(DeferredResultSetAccess.java:164)
	at org.hibernate.sql.results.jdbc.internal.JdbcValuesResultSetImpl.advanceNext(JdbcValuesResultSetImpl.java:218)
	at org.hibernate.sql.results.jdbc.internal.JdbcValuesResultSetImpl.processNext(JdbcValuesResultSetImpl.java:98)
	at org.hibernate.sql.results.jdbc.internal.AbstractJdbcValues.next(AbstractJdbcValues.java:19)
	at org.hibernate.sql.results.internal.RowProcessingStateStandardImpl.next(RowProcessingStateStandardImpl.java:66)
	at org.hibernate.sql.results.spi.ListResultsConsumer.consume(ListResultsConsumer.java:200)
	at org.hibernate.sql.results.spi.ListResultsConsumer.consume(ListResultsConsumer.java:33)
	at org.hibernate.sql.exec.internal.JdbcSelectExecutorStandardImpl.doExecuteQuery(JdbcSelectExecutorStandardImpl.java:361)
	at org.hibernate.sql.exec.internal.JdbcSelectExecutorStandardImpl.executeQuery(JdbcSelectExecutorStandardImpl.java:168)
	at org.hibernate.sql.exec.internal.JdbcSelectExecutorStandardImpl.list(JdbcSelectExecutorStandardImpl.java:93)
	at org.hibernate.sql.exec.spi.JdbcSelectExecutor.list(JdbcSelectExecutor.java:31)
	at org.hibernate.query.sqm.internal.ConcreteSqmSelectQueryPlan.lambda$new$0(ConcreteSqmSelectQueryPlan.java:109)
	at org.hibernate.query.sqm.internal.ConcreteSqmSelectQueryPlan.withCacheableSqmInterpretation(ConcreteSqmSelectQueryPlan.java:305)
	at org.hibernate.query.sqm.internal.ConcreteSqmSelectQueryPlan.performList(ConcreteSqmSelectQueryPlan.java:246)
	at org.hibernate.query.sqm.internal.QuerySqmImpl.doList(QuerySqmImpl.java:509)
	at org.hibernate.query.spi.AbstractSelectionQuery.list(AbstractSelectionQuery.java:427)
	at org.hibernate.query.Query.getResultList(Query.java:120)
	at org.springframework.data.jpa.repository.query.JpaQueryExecution$PagedExecution.doExecute(JpaQueryExecution.java:204)
	at org.springframework.data.jpa.repository.query.JpaQueryExecution.execute(JpaQueryExecution.java:92)
	at org.springframework.data.jpa.repository.query.AbstractJpaQuery.doExecute(AbstractJpaQuery.java:149)
	at org.springframework.data.jpa.repository.query.AbstractJpaQuery.execute(AbstractJpaQuery.java:137)
	at org.springframework.data.repository.core.support.RepositoryMethodInvoker.doInvoke(RepositoryMethodInvoker.java:170)
	at org.springframework.data.repository.core.support.RepositoryMethodInvoker.invoke(RepositoryMethodInvoker.java:158)
	at org.springframework.data.repository.core.support.QueryExecutorMethodInterceptor.doInvoke(QueryExecutorMethodInterceptor.java:164)
	at org.springframework.data.repository.core.support.QueryExecutorMethodInterceptor.invoke(QueryExecutorMethodInterceptor.java:143)
	at org.springframework.aop.framework.ReflectiveMethodInvocation.proceed(ReflectiveMethodInvocation.java:184)
	at org.springframework.data.projection.DefaultMethodInvokingMethodInterceptor.invoke(DefaultMethodInvokingMethodInterceptor.java:70)
	at org.springframework.aop.framework.ReflectiveMethodInvocation.proceed(ReflectiveMethodInvocation.java:184)
	at org.springframework.transaction.interceptor.TransactionInterceptor$1.proceedWithInvocation(TransactionInterceptor.java:123)
	at org.springframework.transaction.interceptor.TransactionAspectSupport.invokeWithinTransaction(TransactionAspectSupport.java:385)
	at org.springframework.transaction.interceptor.TransactionInterceptor.invoke(TransactionInterceptor.java:119)
	at org.springframework.aop.framework.ReflectiveMethodInvocation.proceed(ReflectiveMethodInvocation.java:184)
	at org.springframework.dao.support.PersistenceExceptionTranslationInterceptor.invoke(PersistenceExceptionTranslationInterceptor.java:137)
	... 158 common frames omitted
Caused by: org.h2.jdbc.JdbcSQLSyntaxErrorException: Table "PAYMENTS" not found (this database is empty); SQL statement:
select pe1_0.payment_id,pe1_0.amount,pe1_0.currency,pe1_0.cleared_at,pe1_0.completed_at,pe1_0.destination_account,pe1_0.failed_at,pe1_0.failure_reason,pe1_0.idempotency_key,pe1_0.initiated_at,pe1_0.initiated_by,pe1_0.payment_type,pe1_0.priority,pe1_0.reference,pe1_0.source_account,pe1_0.status,pe1_0.submitted_to_clearing_at,pe1_0.business_unit_id,pe1_0.tenant_id,pe1_0.updated_at,pe1_0.validated_at,pe1_0.version from payments pe1_0 where pe1_0.tenant_id=? and pe1_0.initiated_at between ? and ? order by pe1_0.initiated_at desc [42104-224]
	at org.h2.message.DbException.getJdbcSQLException(DbException.java:514)
	at org.h2.message.DbException.getJdbcSQLException(DbException.java:489)
	at org.h2.message.DbException.get(DbException.java:223)
	at org.h2.message.DbException.get(DbException.java:199)
	at org.h2.command.Parser.getTableOrViewNotFoundDbException(Parser.java:8051)
	at org.h2.command.Parser.getTableOrViewNotFoundDbException(Parser.java:8035)
	at org.h2.command.Parser.readTableOrView(Parser.java:8024)
	at org.h2.command.Parser.readTablePrimary(Parser.java:1788)
	at org.h2.command.Parser.readTableReference(Parser.java:2268)
	at org.h2.command.Parser.parseSelectFromPart(Parser.java:2718)
	at org.h2.command.Parser.parseSelect(Parser.java:2824)
	at org.h2.command.Parser.parseQueryPrimary(Parser.java:2708)
	at org.h2.command.Parser.parseQueryTerm(Parser.java:2564)
	at org.h2.command.Parser.parseQueryExpressionBody(Parser.java:2543)
	at org.h2.command.Parser.parseQueryExpressionBodyAndEndOfQuery(Parser.java:2536)
	at org.h2.command.Parser.parseQueryExpression(Parser.java:2529)
	at org.h2.command.Parser.parseQuery(Parser.java:2498)
	at org.h2.command.Parser.parsePrepared(Parser.java:627)
	at org.h2.command.Parser.parse(Parser.java:592)
	at org.h2.command.Parser.parse(Parser.java:564)
	at org.h2.command.Parser.prepareCommand(Parser.java:483)
	at org.h2.engine.SessionLocal.prepareLocal(SessionLocal.java:639)
	at org.h2.engine.SessionLocal.prepareCommand(SessionLocal.java:559)
	at org.h2.jdbc.JdbcConnection.prepareCommand(JdbcConnection.java:1166)
	at org.h2.jdbc.JdbcPreparedStatement.<init>(JdbcPreparedStatement.java:93)
	at org.h2.jdbc.JdbcConnection.prepareStatement(JdbcConnection.java:316)
	at com.zaxxer.hikari.pool.ProxyConnection.prepareStatement(ProxyConnection.java:327)
	at com.zaxxer.hikari.pool.HikariProxyConnection.prepareStatement(HikariProxyConnection.java)
	at org.hibernate.engine.jdbc.internal.StatementPreparerImpl$5.doPrepare(StatementPreparerImpl.java:150)
	at org.hibernate.engine.jdbc.internal.StatementPreparerImpl$StatementPreparationTemplate.prepareStatement(StatementPreparerImpl.java:177)
	... 194 common frames omitted
2025-10-16 18:52:21 [main] DEBUG [] o.s.w.s.m.m.a.HttpEntityMethodProcessor - Using 'application/json', given [*/*] and supported [application/json]
2025-10-16 18:52:21 [main] DEBUG [] o.s.w.s.m.m.a.HttpEntityMethodProcessor - Writing [PaymentInitiationResponse(paymentId=null, status=null, tenantContext=null, initiatedAt=null, errorMe (truncated)...]

MockHttpServletRequest:
      HTTP Method = POST
      Request URI = /api/v1/payments/initiate
       Parameters = {}
          Headers = [Content-Type:"application/json;charset=UTF-8", X-Correlation-ID:"8bea23a4-912b-47c4-89ba-3e8e65cc82e5", X-Tenant-ID:"TENANT-001", X-Business-Unit-ID:"BU-001", Content-Length:"429"]
             Body = {"paymentId":{"value":"PAY-001"},"idempotencyKey":"IDEMPOTENCY-001","sourceAccount":"12345678901","destinationAccount":"98765432109","amount":{"amount":1000.00,"currency":"ZAR","negativeOrZero":false},"reference":"Contract test payment","paymentType":"EFT","priority":"NORMAL","tenantContext":{"tenantId":"TENANT-001","tenantName":null,"businessUnitId":"BU-001","businessUnitName":null},"initiatedBy":"contract-test@example.com"}
    Session Attrs = {}

Handler:
             Type = com.payments.paymentinitiation.api.PaymentInitiationController
           Method = com.payments.paymentinitiation.api.PaymentInitiationController#initiatePayment(PaymentInitiationRequest, String, String, String)

Async:
    Async started = false
     Async result = null

Resolved Exception:
             Type = null

ModelAndView:
        View name = null
             View = null
            Model = null

FlashMap:
       Attributes = null

MockHttpServletResponse:
           Status = 500
    Error message = null
          Headers = [Content-Type:"application/json"]
     Content type = application/json
             Body = {"paymentId":null,"status":null,"tenantContext":null,"initiatedAt":null,"errorMessage":"Payment initiation failed"}
    Forwarded URL = null
   Redirected URL = null
          Cookies = []
]]></system-out>
  </testcase>
  <testcase name="paymentCompletionResponse_ShouldMatchContract" classname="com.payments.paymentinitiation.contract.PaymentInitiationContractTest" time="0.044">
    <failure message="Status expected:&lt;200&gt; but was:&lt;400&gt;" type="java.lang.AssertionError"><![CDATA[java.lang.AssertionError: Status expected:<200> but was:<400>
	at org.springframework.test.util.AssertionErrors.fail(AssertionErrors.java:59)
	at org.springframework.test.util.AssertionErrors.assertEquals(AssertionErrors.java:122)
	at org.springframework.test.web.servlet.result.StatusResultMatchers.lambda$matcher$9(StatusResultMatchers.java:637)
	at org.springframework.test.web.servlet.MockMvc$1.andExpect(MockMvc.java:214)
	at com.payments.paymentinitiation.contract.PaymentInitiationContractTest.paymentCompletionResponse_ShouldMatchContract(PaymentInitiationContractTest.java:189)
	at java.base/java.lang.reflect.Method.invoke(Method.java:569)
	at java.base/java.util.ArrayList.forEach(ArrayList.java:1511)
	at java.base/java.util.ArrayList.forEach(ArrayList.java:1511)
]]></failure>
    <system-out><![CDATA[2025-10-16 18:52:21 [main] DEBUG [] o.s.w.s.m.m.a.RequestMappingHandlerMapping - Mapped to com.payments.paymentinitiation.api.PaymentInitiationController#completePayment(String, String, String, String)
2025-10-16 18:52:21 [main] DEBUG [] o.s.web.method.HandlerMethod - Could not resolve parameter [0] in public org.springframework.http.ResponseEntity<com.payments.contracts.payment.PaymentInitiationResponse> com.payments.paymentinitiation.api.PaymentInitiationController.completePayment(java.lang.String,java.lang.String,java.lang.String,java.lang.String): Name for argument of type [java.lang.String] not specified, and parameter name information not found in class file either.
2025-10-16 18:52:21 [main] DEBUG [] o.s.w.s.m.m.a.ExceptionHandlerExceptionResolver - Using @ExceptionHandler com.payments.paymentinitiation.api.exception.GlobalExceptionHandler#handleBusinessError(IllegalArgumentException)
2025-10-16 18:52:21 [main] WARN  [] c.p.p.a.e.GlobalExceptionHandler - Business logic error: Name for argument of type [java.lang.String] not specified, and parameter name information not found in class file either.
2025-10-16 18:52:21 [main] DEBUG [] o.s.w.s.m.m.a.HttpEntityMethodProcessor - Using 'application/json', given [*/*] and supported [application/json, application/*+json]
2025-10-16 18:52:21 [main] DEBUG [] o.s.w.s.m.m.a.HttpEntityMethodProcessor - Writing [GlobalExceptionHandler.ErrorResponse(message=Name for argument of type [java.lang.String] not specif (truncated)...]
2025-10-16 18:52:21 [main] DEBUG [] o.s.w.s.m.m.a.ExceptionHandlerExceptionResolver - Resolved [java.lang.IllegalArgumentException: Name for argument of type [java.lang.String] not specified, and parameter name information not found in class file either.]

MockHttpServletRequest:
      HTTP Method = POST
      Request URI = /api/v1/payments/PAY-001/complete
       Parameters = {}
          Headers = [X-Correlation-ID:"9fdc35ac-9db1-4f08-b70c-d8cebdbca18f", X-Tenant-ID:"TENANT-001", X-Business-Unit-ID:"BU-001"]
             Body = null
    Session Attrs = {}

Handler:
             Type = com.payments.paymentinitiation.api.PaymentInitiationController
           Method = com.payments.paymentinitiation.api.PaymentInitiationController#completePayment(String, String, String, String)

Async:
    Async started = false
     Async result = null

Resolved Exception:
             Type = java.lang.IllegalArgumentException

ModelAndView:
        View name = null
             View = null
            Model = null

FlashMap:
       Attributes = null

MockHttpServletResponse:
           Status = 400
    Error message = null
          Headers = [Content-Type:"application/json"]
     Content type = application/json
             Body = {"message":"Name for argument of type [java.lang.String] not specified, and parameter name information not found in class file either.","code":"BUSINESS_ERROR","timestamp":"2025-10-16T13:22:21.603282800Z","details":null}
    Forwarded URL = null
   Redirected URL = null
          Cookies = []
]]></system-out>
  </testcase>
  <testcase name="paymentValidationResponse_ShouldMatchContract" classname="com.payments.paymentinitiation.contract.PaymentInitiationContractTest" time="0.01">
    <failure message="Status expected:&lt;200&gt; but was:&lt;400&gt;" type="java.lang.AssertionError"><![CDATA[java.lang.AssertionError: Status expected:<200> but was:<400>
	at org.springframework.test.util.AssertionErrors.fail(AssertionErrors.java:59)
	at org.springframework.test.util.AssertionErrors.assertEquals(AssertionErrors.java:122)
	at org.springframework.test.web.servlet.result.StatusResultMatchers.lambda$matcher$9(StatusResultMatchers.java:637)
	at org.springframework.test.web.servlet.MockMvc$1.andExpect(MockMvc.java:214)
	at com.payments.paymentinitiation.contract.PaymentInitiationContractTest.paymentValidationResponse_ShouldMatchContract(PaymentInitiationContractTest.java:146)
	at java.base/java.lang.reflect.Method.invoke(Method.java:569)
	at java.base/java.util.ArrayList.forEach(ArrayList.java:1511)
	at java.base/java.util.ArrayList.forEach(ArrayList.java:1511)
]]></failure>
    <system-out><![CDATA[2025-10-16 18:52:21 [main] DEBUG [] o.s.w.s.m.m.a.RequestMappingHandlerMapping - Mapped to com.payments.paymentinitiation.api.PaymentInitiationController#validatePayment(String, String, String, String)
2025-10-16 18:52:21 [main] DEBUG [] o.s.web.method.HandlerMethod - Could not resolve parameter [0] in public org.springframework.http.ResponseEntity<com.payments.contracts.payment.PaymentInitiationResponse> com.payments.paymentinitiation.api.PaymentInitiationController.validatePayment(java.lang.String,java.lang.String,java.lang.String,java.lang.String): Name for argument of type [java.lang.String] not specified, and parameter name information not found in class file either.
2025-10-16 18:52:21 [main] DEBUG [] o.s.w.s.m.m.a.ExceptionHandlerExceptionResolver - Using @ExceptionHandler com.payments.paymentinitiation.api.exception.GlobalExceptionHandler#handleBusinessError(IllegalArgumentException)
2025-10-16 18:52:21 [main] WARN  [] c.p.p.a.e.GlobalExceptionHandler - Business logic error: Name for argument of type [java.lang.String] not specified, and parameter name information not found in class file either.
2025-10-16 18:52:21 [main] DEBUG [] o.s.w.s.m.m.a.HttpEntityMethodProcessor - Using 'application/json', given [*/*] and supported [application/json, application/*+json]
2025-10-16 18:52:21 [main] DEBUG [] o.s.w.s.m.m.a.HttpEntityMethodProcessor - Writing [GlobalExceptionHandler.ErrorResponse(message=Name for argument of type [java.lang.String] not specif (truncated)...]
2025-10-16 18:52:21 [main] DEBUG [] o.s.w.s.m.m.a.ExceptionHandlerExceptionResolver - Resolved [java.lang.IllegalArgumentException: Name for argument of type [java.lang.String] not specified, and parameter name information not found in class file either.]

MockHttpServletRequest:
      HTTP Method = POST
      Request URI = /api/v1/payments/PAY-001/validate
       Parameters = {}
          Headers = [X-Correlation-ID:"fa30dba3-f2ef-442e-9a60-3e54973d26ef", X-Tenant-ID:"TENANT-001", X-Business-Unit-ID:"BU-001"]
             Body = null
    Session Attrs = {}

Handler:
             Type = com.payments.paymentinitiation.api.PaymentInitiationController
           Method = com.payments.paymentinitiation.api.PaymentInitiationController#validatePayment(String, String, String, String)

Async:
    Async started = false
     Async result = null

Resolved Exception:
             Type = java.lang.IllegalArgumentException

ModelAndView:
        View name = null
             View = null
            Model = null

FlashMap:
       Attributes = null

MockHttpServletResponse:
           Status = 400
    Error message = null
          Headers = [Content-Type:"application/json"]
     Content type = application/json
             Body = {"message":"Name for argument of type [java.lang.String] not specified, and parameter name information not found in class file either.","code":"BUSINESS_ERROR","timestamp":"2025-10-16T13:22:21.642488700Z","details":null}
    Forwarded URL = null
   Redirected URL = null
          Cookies = []
]]></system-out>
  </testcase>
  <testcase name="errorResponse_ShouldMatchContract" classname="com.payments.paymentinitiation.contract.PaymentInitiationContractTest" time="0.009">
    <failure message="Content type not set" type="java.lang.AssertionError"><![CDATA[java.lang.AssertionError: Content type not set
	at org.springframework.test.util.AssertionErrors.fail(AssertionErrors.java:37)
	at org.springframework.test.util.AssertionErrors.assertTrue(AssertionErrors.java:70)
	at org.springframework.test.util.AssertionErrors.assertNotNull(AssertionErrors.java:106)
	at org.springframework.test.web.servlet.result.ContentResultMatchers.lambda$contentType$0(ContentResultMatchers.java:85)
	at org.springframework.test.web.servlet.MockMvc$1.andExpect(MockMvc.java:214)
	at com.payments.paymentinitiation.contract.PaymentInitiationContractTest.errorResponse_ShouldMatchContract(PaymentInitiationContractTest.java:225)
	at java.base/java.lang.reflect.Method.invoke(Method.java:569)
	at java.base/java.util.ArrayList.forEach(ArrayList.java:1511)
	at java.base/java.util.ArrayList.forEach(ArrayList.java:1511)
]]></failure>
    <system-out><![CDATA[2025-10-16 18:52:21 [main] DEBUG [] o.s.w.s.m.m.a.RequestMappingHandlerMapping - Mapped to com.payments.paymentinitiation.api.PaymentInitiationController#initiatePayment(PaymentInitiationRequest, String, String, String)
2025-10-16 18:52:21 [main] DEBUG [] c.p.p.a.v.PaymentValidationInterceptor - Payment validation interceptor processing request: /api/v1/payments/initiate
2025-10-16 18:52:21 [main] WARN  [] c.p.p.a.v.PaymentValidationInterceptor - Missing tenant ID in request

MockHttpServletRequest:
      HTTP Method = POST
      Request URI = /api/v1/payments/initiate
       Parameters = {}
          Headers = [Content-Type:"application/json;charset=UTF-8", Content-Length:"429"]
             Body = {"paymentId":{"value":"PAY-001"},"idempotencyKey":"IDEMPOTENCY-001","sourceAccount":"12345678901","destinationAccount":"98765432109","amount":{"amount":1000.00,"currency":"ZAR","negativeOrZero":false},"reference":"Contract test payment","paymentType":"EFT","priority":"NORMAL","tenantContext":{"tenantId":"TENANT-001","tenantName":null,"businessUnitId":"BU-001","businessUnitName":null},"initiatedBy":"contract-test@example.com"}
    Session Attrs = {}

Handler:
             Type = com.payments.paymentinitiation.api.PaymentInitiationController
           Method = com.payments.paymentinitiation.api.PaymentInitiationController#initiatePayment(PaymentInitiationRequest, String, String, String)

Async:
    Async started = false
     Async result = null

Resolved Exception:
             Type = null

ModelAndView:
        View name = null
             View = null
            Model = null

FlashMap:
       Attributes = null

MockHttpServletResponse:
           Status = 400
    Error message = null
          Headers = []
     Content type = null
             Body = {"error": "Missing X-Tenant-ID header"}
    Forwarded URL = null
   Redirected URL = null
          Cookies = []
]]></system-out>
  </testcase>
  <testcase name="paymentFailureResponse_ShouldMatchContract" classname="com.payments.paymentinitiation.contract.PaymentInitiationContractTest" time="0.007">
    <failure message="Status expected:&lt;200&gt; but was:&lt;400&gt;" type="java.lang.AssertionError"><![CDATA[java.lang.AssertionError: Status expected:<200> but was:<400>
	at org.springframework.test.util.AssertionErrors.fail(AssertionErrors.java:59)
	at org.springframework.test.util.AssertionErrors.assertEquals(AssertionErrors.java:122)
	at org.springframework.test.web.servlet.result.StatusResultMatchers.lambda$matcher$9(StatusResultMatchers.java:637)
	at org.springframework.test.web.servlet.MockMvc$1.andExpect(MockMvc.java:214)
	at com.payments.paymentinitiation.contract.PaymentInitiationContractTest.paymentFailureResponse_ShouldMatchContract(PaymentInitiationContractTest.java:169)
	at java.base/java.lang.reflect.Method.invoke(Method.java:569)
	at java.base/java.util.ArrayList.forEach(ArrayList.java:1511)
	at java.base/java.util.ArrayList.forEach(ArrayList.java:1511)
]]></failure>
    <system-out><![CDATA[2025-10-16 18:52:21 [main] DEBUG [] o.s.w.s.m.m.a.RequestMappingHandlerMapping - Mapped to com.payments.paymentinitiation.api.PaymentInitiationController#failPayment(String, FailureRequest, String, String, String)
2025-10-16 18:52:21 [main] DEBUG [] o.s.web.method.HandlerMethod - Could not resolve parameter [0] in public org.springframework.http.ResponseEntity<com.payments.contracts.payment.PaymentInitiationResponse> com.payments.paymentinitiation.api.PaymentInitiationController.failPayment(java.lang.String,com.payments.paymentinitiation.api.PaymentInitiationController$FailureRequest,java.lang.String,java.lang.String,java.lang.String): Name for argument of type [java.lang.String] not specified, and parameter name information not found in class file either.
2025-10-16 18:52:21 [main] DEBUG [] o.s.w.s.m.m.a.ExceptionHandlerExceptionResolver - Using @ExceptionHandler com.payments.paymentinitiation.api.exception.GlobalExceptionHandler#handleBusinessError(IllegalArgumentException)
2025-10-16 18:52:21 [main] WARN  [] c.p.p.a.e.GlobalExceptionHandler - Business logic error: Name for argument of type [java.lang.String] not specified, and parameter name information not found in class file either.
2025-10-16 18:52:21 [main] DEBUG [] o.s.w.s.m.m.a.HttpEntityMethodProcessor - Using 'application/json', given [*/*] and supported [application/json, application/*+json]
2025-10-16 18:52:21 [main] DEBUG [] o.s.w.s.m.m.a.HttpEntityMethodProcessor - Writing [GlobalExceptionHandler.ErrorResponse(message=Name for argument of type [java.lang.String] not specif (truncated)...]
2025-10-16 18:52:21 [main] DEBUG [] o.s.w.s.m.m.a.ExceptionHandlerExceptionResolver - Resolved [java.lang.IllegalArgumentException: Name for argument of type [java.lang.String] not specified, and parameter name information not found in class file either.]

MockHttpServletRequest:
      HTTP Method = POST
      Request URI = /api/v1/payments/PAY-001/fail
       Parameters = {}
          Headers = [Content-Type:"application/json;charset=UTF-8", X-Correlation-ID:"f5c9417a-fa70-4651-bc9b-3277e7f7e3b6", X-Tenant-ID:"TENANT-001", X-Business-Unit-ID:"BU-001", Content-Length:"31"]
             Body = {"reason":"Insufficient funds"}
    Session Attrs = {}

Handler:
             Type = com.payments.paymentinitiation.api.PaymentInitiationController
           Method = com.payments.paymentinitiation.api.PaymentInitiationController#failPayment(String, FailureRequest, String, String, String)

Async:
    Async started = false
     Async result = null

Resolved Exception:
             Type = java.lang.IllegalArgumentException

ModelAndView:
        View name = null
             View = null
            Model = null

FlashMap:
       Attributes = null

MockHttpServletResponse:
           Status = 400
    Error message = null
          Headers = [Content-Type:"application/json"]
     Content type = application/json
             Body = {"message":"Name for argument of type [java.lang.String] not specified, and parameter name information not found in class file either.","code":"BUSINESS_ERROR","timestamp":"2025-10-16T13:22:21.670151700Z","details":null}
    Forwarded URL = null
   Redirected URL = null
          Cookies = []
]]></system-out>
  </testcase>
  <testcase name="paymentInitiationResponse_ShouldMatchContract" classname="com.payments.paymentinitiation.contract.PaymentInitiationContractTest" time="0.018">
    <failure message="Status expected:&lt;201&gt; but was:&lt;500&gt;" type="java.lang.AssertionError"><![CDATA[java.lang.AssertionError: Status expected:<201> but was:<500>
	at org.springframework.test.util.AssertionErrors.fail(AssertionErrors.java:59)
	at org.springframework.test.util.AssertionErrors.assertEquals(AssertionErrors.java:122)
	at org.springframework.test.web.servlet.result.StatusResultMatchers.lambda$matcher$9(StatusResultMatchers.java:637)
	at org.springframework.test.web.servlet.MockMvc$1.andExpect(MockMvc.java:214)
	at com.payments.paymentinitiation.contract.PaymentInitiationContractTest.paymentInitiationResponse_ShouldMatchContract(PaymentInitiationContractTest.java:105)
	at java.base/java.lang.reflect.Method.invoke(Method.java:569)
	at java.base/java.util.ArrayList.forEach(ArrayList.java:1511)
	at java.base/java.util.ArrayList.forEach(ArrayList.java:1511)
]]></failure>
    <system-out><![CDATA[2025-10-16 18:52:21 [main] DEBUG [] o.s.w.s.m.m.a.RequestMappingHandlerMapping - Mapped to com.payments.paymentinitiation.api.PaymentInitiationController#initiatePayment(PaymentInitiationRequest, String, String, String)
2025-10-16 18:52:21 [main] DEBUG [] c.p.p.a.v.PaymentValidationInterceptor - Payment validation interceptor processing request: /api/v1/payments/initiate
2025-10-16 18:52:21 [main] DEBUG [] c.p.p.a.v.PaymentValidationInterceptor - Request validation passed for tenant: TENANT-001, business unit: BU-001
2025-10-16 18:52:21 [main] DEBUG [] o.s.w.s.m.m.a.RequestResponseBodyMethodProcessor - Read "application/json;charset=UTF-8" to [PaymentInitiationRequest(paymentId=PaymentId(value=PAY-001), idempotencyKey=IDEMPOTENCY-001, sourceA (truncated)...]
2025-10-16 18:52:21 [main] INFO  [] c.p.p.a.PaymentInitiationController - Initiating payment for tenant: TENANT-001, business unit: BU-001, correlation: 1cafd41e-f8aa-4793-ba12-99115fefe4a6
2025-10-16 18:52:21 [main] INFO  [] c.p.p.s.PaymentInitiationService - Processing payment initiation for payment: PaymentId(value=PAY-001)
2025-10-16 18:52:21 [main] DEBUG [] c.p.p.s.PaymentInitiationService - Payment request validation passed for: PaymentId(value=PAY-001)
2025-10-16 18:52:21 [main] DEBUG [] c.p.p.service.PaymentDomainService - Validating business rules for payment: PaymentId(value=PAY-001)
2025-10-16 18:52:21 [main] DEBUG [] c.p.p.a.PaymentRepositoryAdapter - Finding payments by tenant and date range: TENANT-001, 2025-10-16T00:00:00Z to 2025-10-17T00:00:00Z
2025-10-16 18:52:21 [main] DEBUG [] org.hibernate.SQL - 
    select
        pe1_0.payment_id,
        pe1_0.amount,
        pe1_0.currency,
        pe1_0.cleared_at,
        pe1_0.completed_at,
        pe1_0.destination_account,
        pe1_0.failed_at,
        pe1_0.failure_reason,
        pe1_0.idempotency_key,
        pe1_0.initiated_at,
        pe1_0.initiated_by,
        pe1_0.payment_type,
        pe1_0.priority,
        pe1_0.reference,
        pe1_0.source_account,
        pe1_0.status,
        pe1_0.submitted_to_clearing_at,
        pe1_0.business_unit_id,
        pe1_0.tenant_id,
        pe1_0.updated_at,
        pe1_0.validated_at,
        pe1_0.version 
    from
        payments pe1_0 
    where
        pe1_0.tenant_id=? 
        and pe1_0.initiated_at between ? and ? 
    order by
        pe1_0.initiated_at desc
2025-10-16 18:52:21 [main] WARN  [] o.h.e.jdbc.spi.SqlExceptionHelper - SQL Error: 42104, SQLState: 42S04
2025-10-16 18:52:21 [main] ERROR [] o.h.e.jdbc.spi.SqlExceptionHelper - Table "PAYMENTS" not found (this database is empty); SQL statement:
select pe1_0.payment_id,pe1_0.amount,pe1_0.currency,pe1_0.cleared_at,pe1_0.completed_at,pe1_0.destination_account,pe1_0.failed_at,pe1_0.failure_reason,pe1_0.idempotency_key,pe1_0.initiated_at,pe1_0.initiated_by,pe1_0.payment_type,pe1_0.priority,pe1_0.reference,pe1_0.source_account,pe1_0.status,pe1_0.submitted_to_clearing_at,pe1_0.business_unit_id,pe1_0.tenant_id,pe1_0.updated_at,pe1_0.validated_at,pe1_0.version from payments pe1_0 where pe1_0.tenant_id=? and pe1_0.initiated_at between ? and ? order by pe1_0.initiated_at desc [42104-224]
2025-10-16 18:52:21 [main] ERROR [] c.p.p.a.PaymentInitiationController - Failed to initiate payment
org.springframework.dao.InvalidDataAccessResourceUsageException: could not prepare statement [Table "PAYMENTS" not found (this database is empty); SQL statement:
select pe1_0.payment_id,pe1_0.amount,pe1_0.currency,pe1_0.cleared_at,pe1_0.completed_at,pe1_0.destination_account,pe1_0.failed_at,pe1_0.failure_reason,pe1_0.idempotency_key,pe1_0.initiated_at,pe1_0.initiated_by,pe1_0.payment_type,pe1_0.priority,pe1_0.reference,pe1_0.source_account,pe1_0.status,pe1_0.submitted_to_clearing_at,pe1_0.business_unit_id,pe1_0.tenant_id,pe1_0.updated_at,pe1_0.validated_at,pe1_0.version from payments pe1_0 where pe1_0.tenant_id=? and pe1_0.initiated_at between ? and ? order by pe1_0.initiated_at desc [42104-224]] [select pe1_0.payment_id,pe1_0.amount,pe1_0.currency,pe1_0.cleared_at,pe1_0.completed_at,pe1_0.destination_account,pe1_0.failed_at,pe1_0.failure_reason,pe1_0.idempotency_key,pe1_0.initiated_at,pe1_0.initiated_by,pe1_0.payment_type,pe1_0.priority,pe1_0.reference,pe1_0.source_account,pe1_0.status,pe1_0.submitted_to_clearing_at,pe1_0.business_unit_id,pe1_0.tenant_id,pe1_0.updated_at,pe1_0.validated_at,pe1_0.version from payments pe1_0 where pe1_0.tenant_id=? and pe1_0.initiated_at between ? and ? order by pe1_0.initiated_at desc]; SQL [select pe1_0.payment_id,pe1_0.amount,pe1_0.currency,pe1_0.cleared_at,pe1_0.completed_at,pe1_0.destination_account,pe1_0.failed_at,pe1_0.failure_reason,pe1_0.idempotency_key,pe1_0.initiated_at,pe1_0.initiated_by,pe1_0.payment_type,pe1_0.priority,pe1_0.reference,pe1_0.source_account,pe1_0.status,pe1_0.submitted_to_clearing_at,pe1_0.business_unit_id,pe1_0.tenant_id,pe1_0.updated_at,pe1_0.validated_at,pe1_0.version from payments pe1_0 where pe1_0.tenant_id=? and pe1_0.initiated_at between ? and ? order by pe1_0.initiated_at desc]
	at org.springframework.orm.jpa.vendor.HibernateJpaDialect.convertHibernateAccessException(HibernateJpaDialect.java:277)
	at org.springframework.orm.jpa.vendor.HibernateJpaDialect.translateExceptionIfPossible(HibernateJpaDialect.java:241)
	at org.springframework.orm.jpa.AbstractEntityManagerFactoryBean.translateExceptionIfPossible(AbstractEntityManagerFactoryBean.java:550)
	at org.springframework.dao.support.ChainedPersistenceExceptionTranslator.translateExceptionIfPossible(ChainedPersistenceExceptionTranslator.java:61)
	at org.springframework.dao.support.DataAccessUtils.translateIfNecessary(DataAccessUtils.java:335)
	at org.springframework.dao.support.PersistenceExceptionTranslationInterceptor.invoke(PersistenceExceptionTranslationInterceptor.java:152)
	at org.springframework.aop.framework.ReflectiveMethodInvocation.proceed(ReflectiveMethodInvocation.java:184)
	at org.springframework.data.jpa.repository.support.CrudMethodMetadataPostProcessor$CrudMethodMetadataPopulatingMethodInterceptor.invoke(CrudMethodMetadataPostProcessor.java:135)
	at org.springframework.aop.framework.ReflectiveMethodInvocation.proceed(ReflectiveMethodInvocation.java:184)
	at org.springframework.aop.interceptor.ExposeInvocationInterceptor.invoke(ExposeInvocationInterceptor.java:97)
	at org.springframework.aop.framework.ReflectiveMethodInvocation.proceed(ReflectiveMethodInvocation.java:184)
	at org.springframework.aop.framework.JdkDynamicAopProxy.invoke(JdkDynamicAopProxy.java:249)
	at jdk.proxy2/jdk.proxy2.$Proxy205.findByTenantIdAndDateRange(Unknown Source)
	at com.payments.paymentinitiation.adapter.PaymentRepositoryAdapter.findByTenantIdAndDateRange(PaymentRepositoryAdapter.java:99)
	at java.base/jdk.internal.reflect.NativeMethodAccessorImpl.invoke0(Native Method)
	at java.base/jdk.internal.reflect.NativeMethodAccessorImpl.invoke(NativeMethodAccessorImpl.java:77)
	at java.base/jdk.internal.reflect.DelegatingMethodAccessorImpl.invoke(DelegatingMethodAccessorImpl.java:43)
	at java.base/java.lang.reflect.Method.invoke(Method.java:569)
	at org.springframework.aop.support.AopUtils.invokeJoinpointUsingReflection(AopUtils.java:352)
	at org.springframework.aop.framework.ReflectiveMethodInvocation.invokeJoinpoint(ReflectiveMethodInvocation.java:196)
	at org.springframework.aop.framework.ReflectiveMethodInvocation.proceed(ReflectiveMethodInvocation.java:163)
	at org.springframework.aop.framework.CglibAopProxy$CglibMethodInvocation.proceed(CglibAopProxy.java:765)
	at org.springframework.transaction.interceptor.TransactionInterceptor$1.proceedWithInvocation(TransactionInterceptor.java:123)
	at org.springframework.transaction.interceptor.TransactionAspectSupport.invokeWithinTransaction(TransactionAspectSupport.java:385)
	at org.springframework.transaction.interceptor.TransactionInterceptor.invoke(TransactionInterceptor.java:119)
	at org.springframework.aop.framework.ReflectiveMethodInvocation.proceed(ReflectiveMethodInvocation.java:184)
	at org.springframework.aop.framework.CglibAopProxy$CglibMethodInvocation.proceed(CglibAopProxy.java:765)
	at org.springframework.aop.framework.CglibAopProxy$DynamicAdvisedInterceptor.intercept(CglibAopProxy.java:717)
	at com.payments.paymentinitiation.adapter.PaymentRepositoryAdapter$$SpringCGLIB$$0.findByTenantIdAndDateRange(<generated>)
	at com.payments.paymentinitiation.service.PaymentDomainService.validateDailyLimits(PaymentDomainService.java:63)
	at com.payments.paymentinitiation.service.PaymentDomainService.validatePaymentBusinessRules(PaymentDomainService.java:41)
	at java.base/jdk.internal.reflect.NativeMethodAccessorImpl.invoke0(Native Method)
	at java.base/jdk.internal.reflect.NativeMethodAccessorImpl.invoke(NativeMethodAccessorImpl.java:77)
	at java.base/jdk.internal.reflect.DelegatingMethodAccessorImpl.invoke(DelegatingMethodAccessorImpl.java:43)
	at java.base/java.lang.reflect.Method.invoke(Method.java:569)
	at org.springframework.aop.support.AopUtils.invokeJoinpointUsingReflection(AopUtils.java:352)
	at org.springframework.aop.framework.CglibAopProxy$DynamicAdvisedInterceptor.intercept(CglibAopProxy.java:713)
	at com.payments.paymentinitiation.service.PaymentDomainService$$SpringCGLIB$$0.validatePaymentBusinessRules(<generated>)
	at com.payments.paymentinitiation.service.PaymentInitiationService.initiatePayment(PaymentInitiationService.java:90)
	at java.base/jdk.internal.reflect.NativeMethodAccessorImpl.invoke0(Native Method)
	at java.base/jdk.internal.reflect.NativeMethodAccessorImpl.invoke(NativeMethodAccessorImpl.java:77)
	at java.base/jdk.internal.reflect.DelegatingMethodAccessorImpl.invoke(DelegatingMethodAccessorImpl.java:43)
	at java.base/java.lang.reflect.Method.invoke(Method.java:569)
	at org.springframework.aop.support.AopUtils.invokeJoinpointUsingReflection(AopUtils.java:352)
	at org.springframework.aop.framework.ReflectiveMethodInvocation.invokeJoinpoint(ReflectiveMethodInvocation.java:196)
	at org.springframework.aop.framework.ReflectiveMethodInvocation.proceed(ReflectiveMethodInvocation.java:163)
	at org.springframework.aop.framework.CglibAopProxy$CglibMethodInvocation.proceed(CglibAopProxy.java:765)
	at org.springframework.transaction.interceptor.TransactionInterceptor$1.proceedWithInvocation(TransactionInterceptor.java:123)
	at org.springframework.transaction.interceptor.TransactionAspectSupport.invokeWithinTransaction(TransactionAspectSupport.java:385)
	at org.springframework.transaction.interceptor.TransactionInterceptor.invoke(TransactionInterceptor.java:119)
	at org.springframework.aop.framework.ReflectiveMethodInvocation.proceed(ReflectiveMethodInvocation.java:184)
	at org.springframework.aop.framework.CglibAopProxy$CglibMethodInvocation.proceed(CglibAopProxy.java:765)
	at org.springframework.aop.framework.CglibAopProxy$DynamicAdvisedInterceptor.intercept(CglibAopProxy.java:717)
	at com.payments.paymentinitiation.service.PaymentInitiationService$$SpringCGLIB$$0.initiatePayment(<generated>)
	at com.payments.paymentinitiation.api.PaymentInitiationController.initiatePayment(PaymentInitiationController.java:92)
	at java.base/jdk.internal.reflect.NativeMethodAccessorImpl.invoke0(Native Method)
	at java.base/jdk.internal.reflect.NativeMethodAccessorImpl.invoke(NativeMethodAccessorImpl.java:77)
	at java.base/jdk.internal.reflect.DelegatingMethodAccessorImpl.invoke(DelegatingMethodAccessorImpl.java:43)
	at java.base/java.lang.reflect.Method.invoke(Method.java:569)
	at org.springframework.web.method.support.InvocableHandlerMethod.doInvoke(InvocableHandlerMethod.java:254)
	at org.springframework.web.method.support.InvocableHandlerMethod.invokeForRequest(InvocableHandlerMethod.java:182)
	at org.springframework.web.servlet.mvc.method.annotation.ServletInvocableHandlerMethod.invokeAndHandle(ServletInvocableHandlerMethod.java:118)
	at org.springframework.web.servlet.mvc.method.annotation.RequestMappingHandlerAdapter.invokeHandlerMethod(RequestMappingHandlerAdapter.java:917)
	at org.springframework.web.servlet.mvc.method.annotation.RequestMappingHandlerAdapter.handleInternal(RequestMappingHandlerAdapter.java:829)
	at org.springframework.web.servlet.mvc.method.AbstractHandlerMethodAdapter.handle(AbstractHandlerMethodAdapter.java:87)
	at org.springframework.web.servlet.DispatcherServlet.doDispatch(DispatcherServlet.java:1089)
	at org.springframework.web.servlet.DispatcherServlet.doService(DispatcherServlet.java:979)
	at org.springframework.web.servlet.FrameworkServlet.processRequest(FrameworkServlet.java:1014)
	at org.springframework.web.servlet.FrameworkServlet.doPost(FrameworkServlet.java:914)
	at jakarta.servlet.http.HttpServlet.service(HttpServlet.java:590)
	at org.springframework.web.servlet.FrameworkServlet.service(FrameworkServlet.java:885)
	at org.springframework.test.web.servlet.TestDispatcherServlet.service(TestDispatcherServlet.java:72)
	at jakarta.servlet.http.HttpServlet.service(HttpServlet.java:658)
	at org.springframework.mock.web.MockFilterChain$ServletFilterProxy.doFilter(MockFilterChain.java:165)
	at org.springframework.mock.web.MockFilterChain.doFilter(MockFilterChain.java:132)
	at org.springframework.web.filter.RequestContextFilter.doFilterInternal(RequestContextFilter.java:100)
	at org.springframework.web.filter.OncePerRequestFilter.doFilter(OncePerRequestFilter.java:116)
	at org.springframework.test.web.servlet.setup.MockMvcFilterDecorator.doFilter(MockMvcFilterDecorator.java:151)
	at org.springframework.mock.web.MockFilterChain.doFilter(MockFilterChain.java:132)
	at org.springframework.web.filter.FormContentFilter.doFilterInternal(FormContentFilter.java:93)
	at org.springframework.web.filter.OncePerRequestFilter.doFilter(OncePerRequestFilter.java:116)
	at org.springframework.test.web.servlet.setup.MockMvcFilterDecorator.doFilter(MockMvcFilterDecorator.java:151)
	at org.springframework.mock.web.MockFilterChain.doFilter(MockFilterChain.java:132)
	at org.springframework.web.filter.ServerHttpObservationFilter.doFilterInternal(ServerHttpObservationFilter.java:109)
	at org.springframework.web.filter.OncePerRequestFilter.doFilter(OncePerRequestFilter.java:116)
	at org.springframework.test.web.servlet.setup.MockMvcFilterDecorator.doFilter(MockMvcFilterDecorator.java:151)
	at org.springframework.mock.web.MockFilterChain.doFilter(MockFilterChain.java:132)
	at org.springframework.web.filter.CharacterEncodingFilter.doFilterInternal(CharacterEncodingFilter.java:201)
	at org.springframework.web.filter.OncePerRequestFilter.doFilter(OncePerRequestFilter.java:116)
	at org.springframework.test.web.servlet.setup.MockMvcFilterDecorator.doFilter(MockMvcFilterDecorator.java:151)
	at org.springframework.mock.web.MockFilterChain.doFilter(MockFilterChain.java:132)
	at org.springframework.test.web.servlet.MockMvc.perform(MockMvc.java:201)
	at com.payments.paymentinitiation.contract.PaymentInitiationContractTest.paymentInitiationResponse_ShouldMatchContract(PaymentInitiationContractTest.java:98)
	at java.base/jdk.internal.reflect.NativeMethodAccessorImpl.invoke0(Native Method)
	at java.base/jdk.internal.reflect.NativeMethodAccessorImpl.invoke(NativeMethodAccessorImpl.java:77)
	at java.base/jdk.internal.reflect.DelegatingMethodAccessorImpl.invoke(DelegatingMethodAccessorImpl.java:43)
	at java.base/java.lang.reflect.Method.invoke(Method.java:569)
	at org.junit.platform.commons.util.ReflectionUtils.invokeMethod(ReflectionUtils.java:728)
	at org.junit.jupiter.engine.execution.MethodInvocation.proceed(MethodInvocation.java:60)
	at org.junit.jupiter.engine.execution.InvocationInterceptorChain$ValidatingInvocation.proceed(InvocationInterceptorChain.java:131)
	at org.junit.jupiter.engine.extension.TimeoutExtension.intercept(TimeoutExtension.java:156)
	at org.junit.jupiter.engine.extension.TimeoutExtension.interceptTestableMethod(TimeoutExtension.java:147)
	at org.junit.jupiter.engine.extension.TimeoutExtension.interceptTestMethod(TimeoutExtension.java:86)
	at org.junit.jupiter.engine.execution.InterceptingExecutableInvoker$ReflectiveInterceptorCall.lambda$ofVoidMethod$0(InterceptingExecutableInvoker.java:103)
	at org.junit.jupiter.engine.execution.InterceptingExecutableInvoker.lambda$invoke$0(InterceptingExecutableInvoker.java:93)
	at org.junit.jupiter.engine.execution.InvocationInterceptorChain$InterceptedInvocation.proceed(InvocationInterceptorChain.java:106)
	at org.junit.jupiter.engine.execution.InvocationInterceptorChain.proceed(InvocationInterceptorChain.java:64)
	at org.junit.jupiter.engine.execution.InvocationInterceptorChain.chainAndInvoke(InvocationInterceptorChain.java:45)
	at org.junit.jupiter.engine.execution.InvocationInterceptorChain.invoke(InvocationInterceptorChain.java:37)
	at org.junit.jupiter.engine.execution.InterceptingExecutableInvoker.invoke(InterceptingExecutableInvoker.java:92)
	at org.junit.jupiter.engine.execution.InterceptingExecutableInvoker.invoke(InterceptingExecutableInvoker.java:86)
	at org.junit.jupiter.engine.descriptor.TestMethodTestDescriptor.lambda$invokeTestMethod$7(TestMethodTestDescriptor.java:218)
	at org.junit.platform.engine.support.hierarchical.ThrowableCollector.execute(ThrowableCollector.java:73)
	at org.junit.jupiter.engine.descriptor.TestMethodTestDescriptor.invokeTestMethod(TestMethodTestDescriptor.java:214)
	at org.junit.jupiter.engine.descriptor.TestMethodTestDescriptor.execute(TestMethodTestDescriptor.java:139)
	at org.junit.jupiter.engine.descriptor.TestMethodTestDescriptor.execute(TestMethodTestDescriptor.java:69)
	at org.junit.platform.engine.support.hierarchical.NodeTestTask.lambda$executeRecursively$6(NodeTestTask.java:151)
	at org.junit.platform.engine.support.hierarchical.ThrowableCollector.execute(ThrowableCollector.java:73)
	at org.junit.platform.engine.support.hierarchical.NodeTestTask.lambda$executeRecursively$8(NodeTestTask.java:141)
	at org.junit.platform.engine.support.hierarchical.Node.around(Node.java:137)
	at org.junit.platform.engine.support.hierarchical.NodeTestTask.lambda$executeRecursively$9(NodeTestTask.java:139)
	at org.junit.platform.engine.support.hierarchical.ThrowableCollector.execute(ThrowableCollector.java:73)
	at org.junit.platform.engine.support.hierarchical.NodeTestTask.executeRecursively(NodeTestTask.java:138)
	at org.junit.platform.engine.support.hierarchical.NodeTestTask.execute(NodeTestTask.java:95)
	at java.base/java.util.ArrayList.forEach(ArrayList.java:1511)
	at org.junit.platform.engine.support.hierarchical.SameThreadHierarchicalTestExecutorService.invokeAll(SameThreadHierarchicalTestExecutorService.java:41)
	at org.junit.platform.engine.support.hierarchical.NodeTestTask.lambda$executeRecursively$6(NodeTestTask.java:155)
	at org.junit.platform.engine.support.hierarchical.ThrowableCollector.execute(ThrowableCollector.java:73)
	at org.junit.platform.engine.support.hierarchical.NodeTestTask.lambda$executeRecursively$8(NodeTestTask.java:141)
	at org.junit.platform.engine.support.hierarchical.Node.around(Node.java:137)
	at org.junit.platform.engine.support.hierarchical.NodeTestTask.lambda$executeRecursively$9(NodeTestTask.java:139)
	at org.junit.platform.engine.support.hierarchical.ThrowableCollector.execute(ThrowableCollector.java:73)
	at org.junit.platform.engine.support.hierarchical.NodeTestTask.executeRecursively(NodeTestTask.java:138)
	at org.junit.platform.engine.support.hierarchical.NodeTestTask.execute(NodeTestTask.java:95)
	at java.base/java.util.ArrayList.forEach(ArrayList.java:1511)
	at org.junit.platform.engine.support.hierarchical.SameThreadHierarchicalTestExecutorService.invokeAll(SameThreadHierarchicalTestExecutorService.java:41)
	at org.junit.platform.engine.support.hierarchical.NodeTestTask.lambda$executeRecursively$6(NodeTestTask.java:155)
	at org.junit.platform.engine.support.hierarchical.ThrowableCollector.execute(ThrowableCollector.java:73)
	at org.junit.platform.engine.support.hierarchical.NodeTestTask.lambda$executeRecursively$8(NodeTestTask.java:141)
	at org.junit.platform.engine.support.hierarchical.Node.around(Node.java:137)
	at org.junit.platform.engine.support.hierarchical.NodeTestTask.lambda$executeRecursively$9(NodeTestTask.java:139)
	at org.junit.platform.engine.support.hierarchical.ThrowableCollector.execute(ThrowableCollector.java:73)
	at org.junit.platform.engine.support.hierarchical.NodeTestTask.executeRecursively(NodeTestTask.java:138)
	at org.junit.platform.engine.support.hierarchical.NodeTestTask.execute(NodeTestTask.java:95)
	at org.junit.platform.engine.support.hierarchical.SameThreadHierarchicalTestExecutorService.submit(SameThreadHierarchicalTestExecutorService.java:35)
	at org.junit.platform.engine.support.hierarchical.HierarchicalTestExecutor.execute(HierarchicalTestExecutor.java:57)
	at org.junit.platform.engine.support.hierarchical.HierarchicalTestEngine.execute(HierarchicalTestEngine.java:54)
	at org.junit.platform.launcher.core.EngineExecutionOrchestrator.execute(EngineExecutionOrchestrator.java:198)
	at org.junit.platform.launcher.core.EngineExecutionOrchestrator.execute(EngineExecutionOrchestrator.java:169)
	at org.junit.platform.launcher.core.EngineExecutionOrchestrator.execute(EngineExecutionOrchestrator.java:93)
	at org.junit.platform.launcher.core.EngineExecutionOrchestrator.lambda$execute$0(EngineExecutionOrchestrator.java:58)
	at org.junit.platform.launcher.core.EngineExecutionOrchestrator.withInterceptedStreams(EngineExecutionOrchestrator.java:141)
	at org.junit.platform.launcher.core.EngineExecutionOrchestrator.execute(EngineExecutionOrchestrator.java:57)
	at org.junit.platform.launcher.core.DefaultLauncher.execute(DefaultLauncher.java:103)
	at org.junit.platform.launcher.core.DefaultLauncher.execute(DefaultLauncher.java:85)
	at org.junit.platform.launcher.core.DelegatingLauncher.execute(DelegatingLauncher.java:47)
	at org.apache.maven.surefire.junitplatform.LazyLauncher.execute(LazyLauncher.java:56)
	at org.apache.maven.surefire.junitplatform.JUnitPlatformProvider.execute(JUnitPlatformProvider.java:184)
	at org.apache.maven.surefire.junitplatform.JUnitPlatformProvider.invokeAllTests(JUnitPlatformProvider.java:148)
	at org.apache.maven.surefire.junitplatform.JUnitPlatformProvider.invoke(JUnitPlatformProvider.java:122)
	at org.apache.maven.surefire.booter.ForkedBooter.runSuitesInProcess(ForkedBooter.java:385)
	at org.apache.maven.surefire.booter.ForkedBooter.execute(ForkedBooter.java:162)
	at org.apache.maven.surefire.booter.ForkedBooter.run(ForkedBooter.java:507)
	at org.apache.maven.surefire.booter.ForkedBooter.main(ForkedBooter.java:495)
Caused by: org.hibernate.exception.SQLGrammarException: could not prepare statement [Table "PAYMENTS" not found (this database is empty); SQL statement:
[...]
]]></failure>
    <system-out><![CDATA[2025-10-16 18:52:21 [main] DEBUG [] o.s.w.s.m.m.a.RequestMappingHandlerMapping - Mapped to com.payments.paymentinitiation.api.PaymentInitiationController#getPaymentStatus(String, String, String, String)
2025-10-16 18:52:21 [main] DEBUG [] o.s.web.method.HandlerMethod - Could not resolve parameter [0] in public org.springframework.http.ResponseEntity<com.payments.contracts.payment.PaymentInitiationResponse> com.payments.paymentinitiation.api.PaymentInitiationController.getPaymentStatus(java.lang.String,java.lang.String,java.lang.String,java.lang.String): Name for argument of type [java.lang.String] not specified, and parameter name information not found in class file either.
2025-10-16 18:52:21 [main] DEBUG [] o.s.w.s.m.m.a.ExceptionHandlerExceptionResolver - Using @ExceptionHandler com.payments.paymentinitiation.api.exception.GlobalExceptionHandler#handleBusinessError(IllegalArgumentException)
2025-10-16 18:52:21 [main] WARN  [] c.p.p.a.e.GlobalExceptionHandler - Business logic error: Name for argument of type [java.lang.String] not specified, and parameter name information not found in class file either.
2025-10-16 18:52:21 [main] DEBUG [] o.s.w.s.m.m.a.HttpEntityMethodProcessor - Using 'application/json', given [*/*] and supported [application/json, application/*+json]
2025-10-16 18:52:21 [main] DEBUG [] o.s.w.s.m.m.a.HttpEntityMethodProcessor - Writing [GlobalExceptionHandler.ErrorResponse(message=Name for argument of type [java.lang.String] not specif (truncated)...]
2025-10-16 18:52:21 [main] DEBUG [] o.s.w.s.m.m.a.ExceptionHandlerExceptionResolver - Resolved [java.lang.IllegalArgumentException: Name for argument of type [java.lang.String] not specified, and parameter name information not found in class file either.]

MockHttpServletRequest:
      HTTP Method = GET
      Request URI = /api/v1/payments/PAY-001/status
       Parameters = {}
          Headers = [X-Correlation-ID:"b7619162-69fe-4a26-acae-6eeaddf0b165", X-Tenant-ID:"TENANT-001", X-Business-Unit-ID:"BU-001"]
             Body = null
    Session Attrs = {}

Handler:
             Type = com.payments.paymentinitiation.api.PaymentInitiationController
           Method = com.payments.paymentinitiation.api.PaymentInitiationController#getPaymentStatus(String, String, String, String)

Async:
    Async started = false
     Async result = null

Resolved Exception:
             Type = java.lang.IllegalArgumentException

ModelAndView:
        View name = null
             View = null
            Model = null

FlashMap:
       Attributes = null

MockHttpServletResponse:
           Status = 400
    Error message = null
          Headers = [Content-Type:"application/json"]
     Content type = application/json
             Body = {"message":"Name for argument of type [java.lang.String] not specified, and parameter name information not found in class file either.","code":"BUSINESS_ERROR","timestamp":"2025-10-16T13:22:21.723179300Z","details":null}
    Forwarded URL = null
   Redirected URL = null
          Cookies = []
]]></system-out>
  </testcase>
  <testcase name="healthCheck_ShouldBeAccessible" classname="com.payments.paymentinitiation.contract.PaymentInitiationContractTest" time="0.077">
    <failure message="Content type expected:&lt;application/json&gt; but was:&lt;application/vnd.spring-boot.actuator.v3+json&gt;" type="java.lang.AssertionError"><![CDATA[java.lang.AssertionError: Content type expected:<application/json> but was:<application/vnd.spring-boot.actuator.v3+json>
	at org.springframework.test.util.AssertionErrors.fail(AssertionErrors.java:59)
	at org.springframework.test.util.AssertionErrors.assertEquals(AssertionErrors.java:122)
	at org.springframework.test.web.servlet.result.ContentResultMatchers.lambda$contentType$0(ContentResultMatchers.java:86)
	at org.springframework.test.web.servlet.MockMvc$1.andExpect(MockMvc.java:214)
	at com.payments.paymentinitiation.contract.PaymentInitiationContractTest.healthCheck_ShouldBeAccessible(PaymentInitiationContractTest.java:255)
	at java.base/java.lang.reflect.Method.invoke(Method.java:569)
	at java.base/java.util.ArrayList.forEach(ArrayList.java:1511)
	at java.base/java.util.ArrayList.forEach(ArrayList.java:1511)
]]></failure>
    <system-out><![CDATA[2025-10-16 18:52:21 [main] DEBUG [] o.s.w.s.m.m.a.RequestResponseBodyMethodProcessor - Read "application/octet-stream" to []
2025-10-16 18:52:21 [main] DEBUG [] o.s.w.s.m.m.a.HttpEntityMethodProcessor - Using 'application/vnd.spring-boot.actuator.v3+json', given [*/*] and supported [application/vnd.spring-boot.actuator.v3+json, application/vnd.spring-boot.actuator.v2+json, application/json]
2025-10-16 18:52:21 [main] DEBUG [] o.s.w.s.m.m.a.HttpEntityMethodProcessor - Writing [org.springframework.boot.actuate.health.SystemHealth@568fb285]

MockHttpServletRequest:
      HTTP Method = GET
      Request URI = /actuator/health
       Parameters = {}
          Headers = []
             Body = null
    Session Attrs = {}

Handler:
             Type = org.springframework.boot.actuate.endpoint.web.servlet.AbstractWebMvcEndpointHandlerMapping$OperationHandler
           Method = Actuator web endpoint 'health'

Async:
    Async started = false
     Async result = null

Resolved Exception:
             Type = null

ModelAndView:
        View name = null
             View = null
            Model = null

FlashMap:
       Attributes = null

MockHttpServletResponse:
           Status = 200
    Error message = null
          Headers = [Content-Type:"application/vnd.spring-boot.actuator.v3+json"]
     Content type = application/vnd.spring-boot.actuator.v3+json
             Body = {"status":"UP","components":{"db":{"status":"UP","details":{"database":"H2","validationQuery":"isValid()"}},"diskSpace":{"status":"UP","details":{"total":489045356544,"free":365609050112,"threshold":10485760,"path":"C:\\git\\clone\\PE\\payment-initiation-service\\.","exists":true}},"ping":{"status":"UP"}}}
    Forwarded URL = null
   Redirected URL = null
          Cookies = []
]]></system-out>
  </testcase>
  <testcase name="openApiDocumentation_ShouldBeAccessible" classname="com.payments.paymentinitiation.contract.PaymentInitiationContractTest" time="0.01">
    <failure message="Status expected:&lt;200&gt; but was:&lt;500&gt;" type="java.lang.AssertionError"><![CDATA[java.lang.AssertionError: Status expected:<200> but was:<500>
	at org.springframework.test.util.AssertionErrors.fail(AssertionErrors.java:59)
	at org.springframework.test.util.AssertionErrors.assertEquals(AssertionErrors.java:122)
	at org.springframework.test.web.servlet.result.StatusResultMatchers.lambda$matcher$9(StatusResultMatchers.java:637)
	at org.springframework.test.web.servlet.MockMvc$1.andExpect(MockMvc.java:214)
	at com.payments.paymentinitiation.contract.PaymentInitiationContractTest.openApiDocumentation_ShouldBeAccessible(PaymentInitiationContractTest.java:233)
	at java.base/java.lang.reflect.Method.invoke(Method.java:569)
	at java.base/java.util.ArrayList.forEach(ArrayList.java:1511)
	at java.base/java.util.ArrayList.forEach(ArrayList.java:1511)
]]></failure>
    <system-out><![CDATA[2025-10-16 18:52:21 [main] DEBUG [] o.s.w.s.h.SimpleUrlHandlerMapping - Mapped to ResourceHttpRequestHandler [classpath [META-INF/resources/], classpath [resources/], classpath [static/], classpath [public/], ServletContext [/]]
2025-10-16 18:52:21 [main] DEBUG [] o.s.w.s.r.ResourceHttpRequestHandler - Resource not found
2025-10-16 18:52:21 [main] DEBUG [] o.s.w.s.m.m.a.ExceptionHandlerExceptionResolver - Using @ExceptionHandler com.payments.paymentinitiation.api.exception.GlobalExceptionHandler#handleGenericError(Exception, WebRequest)
2025-10-16 18:52:21 [main] ERROR [] c.p.p.a.e.GlobalExceptionHandler - Unexpected error occurred
org.springframework.web.servlet.resource.NoResourceFoundException: No static resource v3/api-docs.
	at org.springframework.web.servlet.resource.ResourceHttpRequestHandler.handleRequest(ResourceHttpRequestHandler.java:585)
	at org.springframework.web.servlet.mvc.HttpRequestHandlerAdapter.handle(HttpRequestHandlerAdapter.java:52)
	at org.springframework.web.servlet.DispatcherServlet.doDispatch(DispatcherServlet.java:1089)
	at org.springframework.web.servlet.DispatcherServlet.doService(DispatcherServlet.java:979)
	at org.springframework.web.servlet.FrameworkServlet.processRequest(FrameworkServlet.java:1014)
	at org.springframework.web.servlet.FrameworkServlet.doGet(FrameworkServlet.java:903)
	at jakarta.servlet.http.HttpServlet.service(HttpServlet.java:564)
	at org.springframework.web.servlet.FrameworkServlet.service(FrameworkServlet.java:885)
	at org.springframework.test.web.servlet.TestDispatcherServlet.service(TestDispatcherServlet.java:72)
	at jakarta.servlet.http.HttpServlet.service(HttpServlet.java:658)
	at org.springframework.mock.web.MockFilterChain$ServletFilterProxy.doFilter(MockFilterChain.java:165)
	at org.springframework.mock.web.MockFilterChain.doFilter(MockFilterChain.java:132)
	at org.springframework.web.filter.RequestContextFilter.doFilterInternal(RequestContextFilter.java:100)
	at org.springframework.web.filter.OncePerRequestFilter.doFilter(OncePerRequestFilter.java:116)
	at org.springframework.test.web.servlet.setup.MockMvcFilterDecorator.doFilter(MockMvcFilterDecorator.java:151)
	at org.springframework.mock.web.MockFilterChain.doFilter(MockFilterChain.java:132)
	at org.springframework.web.filter.FormContentFilter.doFilterInternal(FormContentFilter.java:93)
	at org.springframework.web.filter.OncePerRequestFilter.doFilter(OncePerRequestFilter.java:116)
	at org.springframework.test.web.servlet.setup.MockMvcFilterDecorator.doFilter(MockMvcFilterDecorator.java:151)
	at org.springframework.mock.web.MockFilterChain.doFilter(MockFilterChain.java:132)
	at org.springframework.web.filter.ServerHttpObservationFilter.doFilterInternal(ServerHttpObservationFilter.java:109)
	at org.springframework.web.filter.OncePerRequestFilter.doFilter(OncePerRequestFilter.java:116)
	at org.springframework.test.web.servlet.setup.MockMvcFilterDecorator.doFilter(MockMvcFilterDecorator.java:151)
	at org.springframework.mock.web.MockFilterChain.doFilter(MockFilterChain.java:132)
	at org.springframework.web.filter.CharacterEncodingFilter.doFilterInternal(CharacterEncodingFilter.java:201)
	at org.springframework.web.filter.OncePerRequestFilter.doFilter(OncePerRequestFilter.java:116)
	at org.springframework.test.web.servlet.setup.MockMvcFilterDecorator.doFilter(MockMvcFilterDecorator.java:151)
	at org.springframework.mock.web.MockFilterChain.doFilter(MockFilterChain.java:132)
	at org.springframework.test.web.servlet.MockMvc.perform(MockMvc.java:201)
	at com.payments.paymentinitiation.contract.PaymentInitiationContractTest.openApiDocumentation_ShouldBeAccessible(PaymentInitiationContractTest.java:232)
	at java.base/jdk.internal.reflect.NativeMethodAccessorImpl.invoke0(Native Method)
	at java.base/jdk.internal.reflect.NativeMethodAccessorImpl.invoke(NativeMethodAccessorImpl.java:77)
	at java.base/jdk.internal.reflect.DelegatingMethodAccessorImpl.invoke(DelegatingMethodAccessorImpl.java:43)
	at java.base/java.lang.reflect.Method.invoke(Method.java:569)
	at org.junit.platform.commons.util.ReflectionUtils.invokeMethod(ReflectionUtils.java:728)
	at org.junit.jupiter.engine.execution.MethodInvocation.proceed(MethodInvocation.java:60)
	at org.junit.jupiter.engine.execution.InvocationInterceptorChain$ValidatingInvocation.proceed(InvocationInterceptorChain.java:131)
	at org.junit.jupiter.engine.extension.TimeoutExtension.intercept(TimeoutExtension.java:156)
	at org.junit.jupiter.engine.extension.TimeoutExtension.interceptTestableMethod(TimeoutExtension.java:147)
	at org.junit.jupiter.engine.extension.TimeoutExtension.interceptTestMethod(TimeoutExtension.java:86)
	at org.junit.jupiter.engine.execution.InterceptingExecutableInvoker$ReflectiveInterceptorCall.lambda$ofVoidMethod$0(InterceptingExecutableInvoker.java:103)
	at org.junit.jupiter.engine.execution.InterceptingExecutableInvoker.lambda$invoke$0(InterceptingExecutableInvoker.java:93)
	at org.junit.jupiter.engine.execution.InvocationInterceptorChain$InterceptedInvocation.proceed(InvocationInterceptorChain.java:106)
	at org.junit.jupiter.engine.execution.InvocationInterceptorChain.proceed(InvocationInterceptorChain.java:64)
	at org.junit.jupiter.engine.execution.InvocationInterceptorChain.chainAndInvoke(InvocationInterceptorChain.java:45)
	at org.junit.jupiter.engine.execution.InvocationInterceptorChain.invoke(InvocationInterceptorChain.java:37)
	at org.junit.jupiter.engine.execution.InterceptingExecutableInvoker.invoke(InterceptingExecutableInvoker.java:92)
	at org.junit.jupiter.engine.execution.InterceptingExecutableInvoker.invoke(InterceptingExecutableInvoker.java:86)
	at org.junit.jupiter.engine.descriptor.TestMethodTestDescriptor.lambda$invokeTestMethod$7(TestMethodTestDescriptor.java:218)
	at org.junit.platform.engine.support.hierarchical.ThrowableCollector.execute(ThrowableCollector.java:73)
	at org.junit.jupiter.engine.descriptor.TestMethodTestDescriptor.invokeTestMethod(TestMethodTestDescriptor.java:214)
	at org.junit.jupiter.engine.descriptor.TestMethodTestDescriptor.execute(TestMethodTestDescriptor.java:139)
	at org.junit.jupiter.engine.descriptor.TestMethodTestDescriptor.execute(TestMethodTestDescriptor.java:69)
	at org.junit.platform.engine.support.hierarchical.NodeTestTask.lambda$executeRecursively$6(NodeTestTask.java:151)
	at org.junit.platform.engine.support.hierarchical.ThrowableCollector.execute(ThrowableCollector.java:73)
	at org.junit.platform.engine.support.hierarchical.NodeTestTask.lambda$executeRecursively$8(NodeTestTask.java:141)
	at org.junit.platform.engine.support.hierarchical.Node.around(Node.java:137)
	at org.junit.platform.engine.support.hierarchical.NodeTestTask.lambda$executeRecursively$9(NodeTestTask.java:139)
	at org.junit.platform.engine.support.hierarchical.ThrowableCollector.execute(ThrowableCollector.java:73)
	at org.junit.platform.engine.support.hierarchical.NodeTestTask.executeRecursively(NodeTestTask.java:138)
	at org.junit.platform.engine.support.hierarchical.NodeTestTask.execute(NodeTestTask.java:95)
	at java.base/java.util.ArrayList.forEach(ArrayList.java:1511)
	at org.junit.platform.engine.support.hierarchical.SameThreadHierarchicalTestExecutorService.invokeAll(SameThreadHierarchicalTestExecutorService.java:41)
	at org.junit.platform.engine.support.hierarchical.NodeTestTask.lambda$executeRecursively$6(NodeTestTask.java:155)
	at org.junit.platform.engine.support.hierarchical.ThrowableCollector.execute(ThrowableCollector.java:73)
	at org.junit.platform.engine.support.hierarchical.NodeTestTask.lambda$executeRecursively$8(NodeTestTask.java:141)
	at org.junit.platform.engine.support.hierarchical.Node.around(Node.java:137)
	at org.junit.platform.engine.support.hierarchical.NodeTestTask.lambda$executeRecursively$9(NodeTestTask.java:139)
	at org.junit.platform.engine.support.hierarchical.ThrowableCollector.execute(ThrowableCollector.java:73)
	at org.junit.platform.engine.support.hierarchical.NodeTestTask.executeRecursively(NodeTestTask.java:138)
	at org.junit.platform.engine.support.hierarchical.NodeTestTask.execute(NodeTestTask.java:95)
	at java.base/java.util.ArrayList.forEach(ArrayList.java:1511)
	at org.junit.platform.engine.support.hierarchical.SameThreadHierarchicalTestExecutorService.invokeAll(SameThreadHierarchicalTestExecutorService.java:41)
	at org.junit.platform.engine.support.hierarchical.NodeTestTask.lambda$executeRecursively$6(NodeTestTask.java:155)
	at org.junit.platform.engine.support.hierarchical.ThrowableCollector.execute(ThrowableCollector.java:73)
	at org.junit.platform.engine.support.hierarchical.NodeTestTask.lambda$executeRecursively$8(NodeTestTask.java:141)
	at org.junit.platform.engine.support.hierarchical.Node.around(Node.java:137)
	at org.junit.platform.engine.support.hierarchical.NodeTestTask.lambda$executeRecursively$9(NodeTestTask.java:139)
	at org.junit.platform.engine.support.hierarchical.ThrowableCollector.execute(ThrowableCollector.java:73)
	at org.junit.platform.engine.support.hierarchical.NodeTestTask.executeRecursively(NodeTestTask.java:138)
	at org.junit.platform.engine.support.hierarchical.NodeTestTask.execute(NodeTestTask.java:95)
	at org.junit.platform.engine.support.hierarchical.SameThreadHierarchicalTestExecutorService.submit(SameThreadHierarchicalTestExecutorService.java:35)
	at org.junit.platform.engine.support.hierarchical.HierarchicalTestExecutor.execute(HierarchicalTestExecutor.java:57)
	at org.junit.platform.engine.support.hierarchical.HierarchicalTestEngine.execute(HierarchicalTestEngine.java:54)
	at org.junit.platform.launcher.core.EngineExecutionOrchestrator.execute(EngineExecutionOrchestrator.java:198)
	at org.junit.platform.launcher.core.EngineExecutionOrchestrator.execute(EngineExecutionOrchestrator.java:169)
	at org.junit.platform.launcher.core.EngineExecutionOrchestrator.execute(EngineExecutionOrchestrator.java:93)
	at org.junit.platform.launcher.core.EngineExecutionOrchestrator.lambda$execute$0(EngineExecutionOrchestrator.java:58)
	at org.junit.platform.launcher.core.EngineExecutionOrchestrator.withInterceptedStreams(EngineExecutionOrchestrator.java:141)
	at org.junit.platform.launcher.core.EngineExecutionOrchestrator.execute(EngineExecutionOrchestrator.java:57)
	at org.junit.platform.launcher.core.DefaultLauncher.execute(DefaultLauncher.java:103)
	at org.junit.platform.launcher.core.DefaultLauncher.execute(DefaultLauncher.java:85)
	at org.junit.platform.launcher.core.DelegatingLauncher.execute(DelegatingLauncher.java:47)
	at org.apache.maven.surefire.junitplatform.LazyLauncher.execute(LazyLauncher.java:56)
	at org.apache.maven.surefire.junitplatform.JUnitPlatformProvider.execute(JUnitPlatformProvider.java:184)
	at org.apache.maven.surefire.junitplatform.JUnitPlatformProvider.invokeAllTests(JUnitPlatformProvider.java:148)
	at org.apache.maven.surefire.junitplatform.JUnitPlatformProvider.invoke(JUnitPlatformProvider.java:122)
	at org.apache.maven.surefire.booter.ForkedBooter.runSuitesInProcess(ForkedBooter.java:385)
	at org.apache.maven.surefire.booter.ForkedBooter.execute(ForkedBooter.java:162)
	at org.apache.maven.surefire.booter.ForkedBooter.run(ForkedBooter.java:507)
	at org.apache.maven.surefire.booter.ForkedBooter.main(ForkedBooter.java:495)
2025-10-16 18:52:21 [main] DEBUG [] o.s.w.s.m.m.a.HttpEntityMethodProcessor - Using 'application/json', given [*/*] and supported [application/json, application/*+json]
2025-10-16 18:52:21 [main] DEBUG [] o.s.w.s.m.m.a.HttpEntityMethodProcessor - Writing [GlobalExceptionHandler.ErrorResponse(message=An unexpected error occurred, code=INTERNAL_ERROR, time (truncated)...]
2025-10-16 18:52:21 [main] DEBUG [] o.s.w.s.m.m.a.ExceptionHandlerExceptionResolver - Resolved [org.springframework.web.servlet.resource.NoResourceFoundException: No static resource v3/api-docs.]

MockHttpServletRequest:
      HTTP Method = GET
      Request URI = /v3/api-docs
       Parameters = {}
          Headers = []
             Body = null
    Session Attrs = {}

Handler:
             Type = org.springframework.web.servlet.resource.ResourceHttpRequestHandler

Async:
    Async started = false
     Async result = null

Resolved Exception:
             Type = org.springframework.web.servlet.resource.NoResourceFoundException

ModelAndView:
        View name = null
             View = null
            Model = null

FlashMap:
       Attributes = null

MockHttpServletResponse:
           Status = 500
    Error message = null
          Headers = [Vary:"Origin", "Access-Control-Request-Method", "Access-Control-Request-Headers", Content-Type:"application/json"]
     Content type = application/json
             Body = {"message":"An unexpected error occurred","code":"INTERNAL_ERROR","timestamp":"2025-10-16T13:22:21.815694600Z","details":null}
    Forwarded URL = null
   Redirected URL = null
          Cookies = []
]]></system-out>
  </testcase>
</testsuite>